<?xml version="1.0" encoding="UTF-8"?>
<testsuite name="com.example.springbootwebservice.web.IndexControllerTest" tests="1" skipped="0" failures="0" errors="0" timestamp="2021-08-22T14:14:08" hostname="DESKTOP-PAEG6P6" time="0.115">
  <properties/>
  <testcase name="mainPageTest()" classname="com.example.springbootwebservice.web.IndexControllerTest" time="0.115"/>
  <system-out><![CDATA[2021-08-22 23:14:07.236  INFO 9712 --- [    Test worker] .b.t.c.SpringBootTestContextBootstrapper : Neither @ContextConfiguration nor @ContextHierarchy found for test class [com.example.springbootwebservice.web.IndexControllerTest], using SpringBootContextLoader
2021-08-22 23:14:07.237  INFO 9712 --- [    Test worker] o.s.t.c.support.AbstractContextLoader    : Could not detect default resource locations for test class [com.example.springbootwebservice.web.IndexControllerTest]: no resource found for suffixes {-context.xml, Context.groovy}.
2021-08-22 23:14:07.237  INFO 9712 --- [    Test worker] t.c.s.AnnotationConfigContextLoaderUtils : Could not detect default configuration classes for test class [com.example.springbootwebservice.web.IndexControllerTest]: IndexControllerTest does not declare any static, non-private, non-final, nested classes annotated with @Configuration.
2021-08-22 23:14:07.238  INFO 9712 --- [    Test worker] .b.t.c.SpringBootTestContextBootstrapper : Found @SpringBootConfiguration com.example.springbootwebservice.SpringBootWebserviceApplication for test class com.example.springbootwebservice.web.IndexControllerTest
2021-08-22 23:14:07.239  INFO 9712 --- [    Test worker] .b.t.c.SpringBootTestContextBootstrapper : Loaded default TestExecutionListener class names from location [META-INF/spring.factories]: [org.springframework.security.test.context.support.WithSecurityContextTestExecutionListener, org.springframework.security.test.context.support.ReactorContextTestExecutionListener, org.springframework.boot.test.autoconfigure.restdocs.RestDocsTestExecutionListener, org.springframework.boot.test.autoconfigure.web.client.MockRestServiceServerResetTestExecutionListener, org.springframework.boot.test.autoconfigure.web.servlet.MockMvcPrintOnlyOnFailureTestExecutionListener, org.springframework.boot.test.autoconfigure.web.servlet.WebDriverTestExecutionListener, org.springframework.boot.test.autoconfigure.webservices.client.MockWebServiceServerTestExecutionListener, org.springframework.boot.test.mock.mockito.MockitoTestExecutionListener, org.springframework.boot.test.mock.mockito.ResetMocksTestExecutionListener, org.springframework.test.context.web.ServletTestExecutionListener, org.springframework.test.context.support.DirtiesContextBeforeModesTestExecutionListener, org.springframework.test.context.event.ApplicationEventsTestExecutionListener, org.springframework.test.context.support.DependencyInjectionTestExecutionListener, org.springframework.test.context.support.DirtiesContextTestExecutionListener, org.springframework.test.context.transaction.TransactionalTestExecutionListener, org.springframework.test.context.jdbc.SqlScriptsTestExecutionListener, org.springframework.test.context.event.EventPublishingTestExecutionListener]
2021-08-22 23:14:07.239  INFO 9712 --- [    Test worker] .b.t.c.SpringBootTestContextBootstrapper : Using TestExecutionListeners: [org.springframework.test.context.web.ServletTestExecutionListener@791854f9, org.springframework.test.context.support.DirtiesContextBeforeModesTestExecutionListener@1c97a3a, org.springframework.test.context.event.ApplicationEventsTestExecutionListener@73c7ad61, org.springframework.boot.test.mock.mockito.MockitoTestExecutionListener@1e8ca725, org.springframework.boot.test.autoconfigure.SpringBootDependencyInjectionTestExecutionListener@25088791, org.springframework.test.context.support.DirtiesContextTestExecutionListener@6fda31a0, org.springframework.test.context.transaction.TransactionalTestExecutionListener@2138259f, org.springframework.test.context.jdbc.SqlScriptsTestExecutionListener@5af60b12, org.springframework.security.test.context.support.WithSecurityContextTestExecutionListener@3ba32bd2, org.springframework.test.context.event.EventPublishingTestExecutionListener@5ca5a37, org.springframework.security.test.context.support.ReactorContextTestExecutionListener@65be83cc, org.springframework.boot.test.autoconfigure.restdocs.RestDocsTestExecutionListener@f7aaaf2, org.springframework.boot.test.autoconfigure.web.client.MockRestServiceServerResetTestExecutionListener@2d25fd74, org.springframework.boot.test.autoconfigure.web.servlet.MockMvcPrintOnlyOnFailureTestExecutionListener@7ae90105, org.springframework.boot.test.autoconfigure.web.servlet.WebDriverTestExecutionListener@6b585d77, org.springframework.boot.test.autoconfigure.webservices.client.MockWebServiceServerTestExecutionListener@312f57d4, org.springframework.boot.test.mock.mockito.ResetMocksTestExecutionListener@33e3d2d8]

  .   ____          _            __ _ _
 /\\ / ___'_ __ _ _(_)_ __  __ _ \ \ \ \
( ( )\___ | '_ | '_| | '_ \/ _` | \ \ \ \
 \\/  ___)| |_)| | | | | || (_| |  ) ) ) )
  '  |____| .__|_| |_|_| |_\__, | / / / /
 =========|_|==============|___/=/_/_/_/
 :: Spring Boot ::                (v2.5.3)

2021-08-22 23:14:07.259  INFO 9712 --- [    Test worker] c.e.s.web.IndexControllerTest            : Starting IndexControllerTest using Java 11.0.11 on DESKTOP-PAEG6P6 with PID 9712 (started by Yoon in C:\Users\Yoon\Desktop\Spring\spring-boot-webservice)
2021-08-22 23:14:07.260  INFO 9712 --- [    Test worker] c.e.s.web.IndexControllerTest            : No active profile set, falling back to default profiles: default
2021-08-22 23:14:07.378  INFO 9712 --- [    Test worker] .s.d.r.c.RepositoryConfigurationDelegate : Bootstrapping Spring Data JPA repositories in DEFAULT mode.
2021-08-22 23:14:07.392  INFO 9712 --- [    Test worker] .s.d.r.c.RepositoryConfigurationDelegate : Finished Spring Data repository scanning in 13 ms. Found 2 JPA repository interfaces.
2021-08-22 23:14:07.576  INFO 9712 --- [    Test worker] o.s.b.w.embedded.tomcat.TomcatWebServer  : Tomcat initialized with port(s): 0 (http)
2021-08-22 23:14:07.584  INFO 9712 --- [    Test worker] o.apache.catalina.core.StandardService   : Starting service [Tomcat]
2021-08-22 23:14:07.584  INFO 9712 --- [    Test worker] org.apache.catalina.core.StandardEngine  : Starting Servlet engine: [Apache Tomcat/9.0.50]
2021-08-22 23:14:07.674  INFO 9712 --- [    Test worker] o.a.c.c.C.[Tomcat].[localhost].[/]       : Initializing Spring embedded WebApplicationContext
2021-08-22 23:14:07.674  INFO 9712 --- [    Test worker] w.s.c.ServletWebServerApplicationContext : Root WebApplicationContext: initialization completed in 413 ms
2021-08-22 23:14:07.689  INFO 9712 --- [    Test worker] com.zaxxer.hikari.HikariDataSource       : HikariPool-2 - Starting...
2021-08-22 23:14:07.691  INFO 9712 --- [    Test worker] com.zaxxer.hikari.HikariDataSource       : HikariPool-2 - Start completed.
2021-08-22 23:14:07.691  INFO 9712 --- [    Test worker] o.s.b.a.h2.H2ConsoleAutoConfiguration    : H2 console available at '/h2-console'. Database available at 'jdbc:h2:mem:19084d5d-9d09-4b67-9648-43fee0de9050'
2021-08-22 23:14:07.773  INFO 9712 --- [    Test worker] o.hibernate.jpa.internal.util.LogHelper  : HHH000204: Processing PersistenceUnitInfo [name: default]
2021-08-22 23:14:07.780  INFO 9712 --- [    Test worker] org.hibernate.dialect.Dialect            : HHH000400: Using dialect: org.hibernate.dialect.H2Dialect
Hibernate: drop table if exists posts CASCADE 
Hibernate: drop table if exists user CASCADE 
Hibernate: create table posts (id bigint generated by default as identity, created_date timestamp, modified_date timestamp, author varchar(255), content TEXT not null, title varchar(500) not null, primary key (id))
Hibernate: create table user (id bigint generated by default as identity, email varchar(255) not null, name varchar(255) not null, picture varchar(255), role varchar(255) not null, primary key (id))
2021-08-22 23:14:07.814  INFO 9712 --- [    Test worker] o.h.e.t.j.p.i.JtaPlatformInitiator       : HHH000490: Using JtaPlatform implementation: [org.hibernate.engine.transaction.jta.platform.internal.NoJtaPlatform]
2021-08-22 23:14:07.814  INFO 9712 --- [    Test worker] j.LocalContainerEntityManagerFactoryBean : Initialized JPA EntityManagerFactory for persistence unit 'default'
2021-08-22 23:14:07.938  WARN 9712 --- [    Test worker] JpaBaseConfiguration$JpaWebConfiguration : spring.jpa.open-in-view is enabled by default. Therefore, database queries may be performed during view rendering. Explicitly configure spring.jpa.open-in-view to disable this warning
2021-08-22 23:14:08.053  INFO 9712 --- [    Test worker] o.s.s.web.DefaultSecurityFilterChain     : Will secure any request with [org.springframework.security.web.context.request.async.WebAsyncManagerIntegrationFilter@33c9ba6a, org.springframework.security.web.context.SecurityContextPersistenceFilter@39e4b445, org.springframework.security.web.header.HeaderWriterFilter@156d56e5, org.springframework.security.web.authentication.logout.LogoutFilter@58b7a842, org.springframework.security.oauth2.client.web.OAuth2AuthorizationRequestRedirectFilter@441d2482, org.springframework.security.oauth2.client.web.OAuth2LoginAuthenticationFilter@6215e20d, org.springframework.security.web.authentication.ui.DefaultLoginPageGeneratingFilter@73bb12d6, org.springframework.security.web.authentication.ui.DefaultLogoutPageGeneratingFilter@5f87806, org.springframework.security.web.savedrequest.RequestCacheAwareFilter@e7722c4, org.springframework.security.web.servletapi.SecurityContextHolderAwareRequestFilter@71529791, org.springframework.security.web.authentication.AnonymousAuthenticationFilter@286c750f, org.springframework.security.web.session.SessionManagementFilter@7e2f888d, org.springframework.security.web.access.ExceptionTranslationFilter@508cf508, org.springframework.security.web.access.intercept.FilterSecurityInterceptor@7d9973d6]
2021-08-22 23:14:08.128  INFO 9712 --- [    Test worker] o.s.b.a.w.s.WelcomePageHandlerMapping    : Adding welcome page template: index
2021-08-22 23:14:08.243  INFO 9712 --- [    Test worker] o.s.b.w.embedded.tomcat.TomcatWebServer  : Tomcat started on port(s): 60003 (http) with context path ''
2021-08-22 23:14:08.245  INFO 9712 --- [    Test worker] s.a.ScheduledAnnotationBeanPostProcessor : No TaskScheduler/ScheduledExecutorService bean found for scheduled processing
2021-08-22 23:14:08.245  INFO 9712 --- [    Test worker] c.e.s.web.IndexControllerTest            : Started IndexControllerTest in 1.004 seconds (JVM running for 6.204)
2021-08-22 23:14:08.307  INFO 9712 --- [o-auto-1-exec-1] o.a.c.c.C.[Tomcat].[localhost].[/]       : Initializing Spring DispatcherServlet 'dispatcherServlet'
2021-08-22 23:14:08.307  INFO 9712 --- [o-auto-1-exec-1] o.s.web.servlet.DispatcherServlet        : Initializing Servlet 'dispatcherServlet'
2021-08-22 23:14:08.308  INFO 9712 --- [o-auto-1-exec-1] o.s.web.servlet.DispatcherServlet        : Completed initialization in 1 ms
Hibernate: select posts0_.id as id1_0_, posts0_.created_date as created_2_0_, posts0_.modified_date as modified3_0_, posts0_.author as author4_0_, posts0_.content as content5_0_, posts0_.title as title6_0_ from posts posts0_ order by posts0_.id DESC
]]></system-out>
  <system-err><![CDATA[]]></system-err>
</testsuite>
