<?xml version="1.0" encoding="UTF-8"?>
<testsuite name="com.example.springbootwebservice.web.HelloControllerTest" tests="2" skipped="0" failures="0" errors="0" timestamp="2021-08-22T18:32:08" hostname="DESKTOP-PAEG6P6" time="0.127">
  <properties/>
  <testcase name="returnHelloDto()" classname="com.example.springbootwebservice.web.HelloControllerTest" time="0.12"/>
  <testcase name="returnHello()" classname="com.example.springbootwebservice.web.HelloControllerTest" time="0.006"/>
  <system-out><![CDATA[2021-08-23 03:32:08.417  INFO 17524 --- [    Test worker] .b.t.a.w.s.WebMvcTestContextBootstrapper : Neither @ContextConfiguration nor @ContextHierarchy found for test class [com.example.springbootwebservice.web.HelloControllerTest], using SpringBootContextLoader
2021-08-23 03:32:08.418  INFO 17524 --- [    Test worker] o.s.t.c.support.AbstractContextLoader    : Could not detect default resource locations for test class [com.example.springbootwebservice.web.HelloControllerTest]: no resource found for suffixes {-context.xml, Context.groovy}.
2021-08-23 03:32:08.418  INFO 17524 --- [    Test worker] t.c.s.AnnotationConfigContextLoaderUtils : Could not detect default configuration classes for test class [com.example.springbootwebservice.web.HelloControllerTest]: HelloControllerTest does not declare any static, non-private, non-final, nested classes annotated with @Configuration.
2021-08-23 03:32:08.436  INFO 17524 --- [    Test worker] .b.t.c.SpringBootTestContextBootstrapper : Found @SpringBootConfiguration com.example.springbootwebservice.SpringBootWebserviceApplication for test class com.example.springbootwebservice.web.HelloControllerTest
2021-08-23 03:32:08.437  INFO 17524 --- [    Test worker] .b.t.a.w.s.WebMvcTestContextBootstrapper : Loaded default TestExecutionListener class names from location [META-INF/spring.factories]: [org.springframework.security.test.context.support.WithSecurityContextTestExecutionListener, org.springframework.security.test.context.support.ReactorContextTestExecutionListener, org.springframework.boot.test.autoconfigure.restdocs.RestDocsTestExecutionListener, org.springframework.boot.test.autoconfigure.web.client.MockRestServiceServerResetTestExecutionListener, org.springframework.boot.test.autoconfigure.web.servlet.MockMvcPrintOnlyOnFailureTestExecutionListener, org.springframework.boot.test.autoconfigure.web.servlet.WebDriverTestExecutionListener, org.springframework.boot.test.autoconfigure.webservices.client.MockWebServiceServerTestExecutionListener, org.springframework.boot.test.mock.mockito.MockitoTestExecutionListener, org.springframework.boot.test.mock.mockito.ResetMocksTestExecutionListener, org.springframework.test.context.web.ServletTestExecutionListener, org.springframework.test.context.support.DirtiesContextBeforeModesTestExecutionListener, org.springframework.test.context.event.ApplicationEventsTestExecutionListener, org.springframework.test.context.support.DependencyInjectionTestExecutionListener, org.springframework.test.context.support.DirtiesContextTestExecutionListener, org.springframework.test.context.transaction.TransactionalTestExecutionListener, org.springframework.test.context.jdbc.SqlScriptsTestExecutionListener, org.springframework.test.context.event.EventPublishingTestExecutionListener]
2021-08-23 03:32:08.438  INFO 17524 --- [    Test worker] .b.t.a.w.s.WebMvcTestContextBootstrapper : Using TestExecutionListeners: [org.springframework.test.context.web.ServletTestExecutionListener@6433ed25, org.springframework.test.context.support.DirtiesContextBeforeModesTestExecutionListener@39267ff4, org.springframework.test.context.event.ApplicationEventsTestExecutionListener@7edc73ac, org.springframework.boot.test.mock.mockito.MockitoTestExecutionListener@4b8a4428, org.springframework.boot.test.autoconfigure.SpringBootDependencyInjectionTestExecutionListener@30abc2b9, org.springframework.test.context.support.DirtiesContextTestExecutionListener@3af8d287, org.springframework.test.context.transaction.TransactionalTestExecutionListener@27248767, org.springframework.test.context.jdbc.SqlScriptsTestExecutionListener@3e163caf, org.springframework.security.test.context.support.WithSecurityContextTestExecutionListener@50468fde, org.springframework.test.context.event.EventPublishingTestExecutionListener@2cd613bb, org.springframework.security.test.context.support.ReactorContextTestExecutionListener@2f4ab6f9, org.springframework.boot.test.autoconfigure.restdocs.RestDocsTestExecutionListener@203614fb, org.springframework.boot.test.autoconfigure.web.client.MockRestServiceServerResetTestExecutionListener@44ea575c, org.springframework.boot.test.autoconfigure.web.servlet.MockMvcPrintOnlyOnFailureTestExecutionListener@583dcfb1, org.springframework.boot.test.autoconfigure.web.servlet.WebDriverTestExecutionListener@223a4731, org.springframework.boot.test.autoconfigure.webservices.client.MockWebServiceServerTestExecutionListener@323b0e41, org.springframework.boot.test.mock.mockito.ResetMocksTestExecutionListener@24fdefed]

  .   ____          _            __ _ _
 /\\ / ___'_ __ _ _(_)_ __  __ _ \ \ \ \
( ( )\___ | '_ | '_| | '_ \/ _` | \ \ \ \
 \\/  ___)| |_)| | | | | || (_| |  ) ) ) )
  '  |____| .__|_| |_|_| |_\__, | / / / /
 =========|_|==============|___/=/_/_/_/
 :: Spring Boot ::                (v2.5.3)

2021-08-23 03:32:08.460  INFO 17524 --- [    Test worker] c.e.s.web.HelloControllerTest            : Starting HelloControllerTest using Java 11.0.11 on DESKTOP-PAEG6P6 with PID 17524 (started by Yoon in C:\Users\Yoon\Desktop\Spring\yoon-springboot2-webservice)
2021-08-23 03:32:08.461  INFO 17524 --- [    Test worker] c.e.s.web.HelloControllerTest            : No active profile set, falling back to default profiles: default
2021-08-23 03:32:08.717  INFO 17524 --- [    Test worker] o.s.b.a.w.s.WelcomePageHandlerMapping    : Adding welcome page template: index
2021-08-23 03:32:08.913  INFO 17524 --- [    Test worker] o.s.s.web.DefaultSecurityFilterChain     : Will secure any request with [org.springframework.security.web.context.request.async.WebAsyncManagerIntegrationFilter@2e82f8bd, org.springframework.security.web.context.SecurityContextPersistenceFilter@69c5805c, org.springframework.security.web.header.HeaderWriterFilter@70f7d924, org.springframework.security.web.csrf.CsrfFilter@18b93216, org.springframework.security.web.authentication.logout.LogoutFilter@1e3681e4, org.springframework.security.oauth2.client.web.OAuth2AuthorizationRequestRedirectFilter@5fa4a1de, org.springframework.security.oauth2.client.web.OAuth2AuthorizationRequestRedirectFilter@696fcc72, org.springframework.security.oauth2.client.web.OAuth2LoginAuthenticationFilter@70e1e1c2, org.springframework.security.web.authentication.ui.DefaultLoginPageGeneratingFilter@f43e6b9, org.springframework.security.web.authentication.ui.DefaultLogoutPageGeneratingFilter@3d1f9c23, org.springframework.security.web.savedrequest.RequestCacheAwareFilter@3324581b, org.springframework.security.web.servletapi.SecurityContextHolderAwareRequestFilter@7dd489a2, org.springframework.security.web.authentication.AnonymousAuthenticationFilter@51341048, org.springframework.security.oauth2.client.web.OAuth2AuthorizationCodeGrantFilter@403c26ce, org.springframework.security.web.session.SessionManagementFilter@47ec355b, org.springframework.security.web.access.ExceptionTranslationFilter@210f6691, org.springframework.security.web.access.intercept.FilterSecurityInterceptor@1655acd9]
2021-08-23 03:32:08.967  INFO 17524 --- [    Test worker] o.s.b.t.m.w.SpringBootMockServletContext : Initializing Spring TestDispatcherServlet ''
2021-08-23 03:32:08.967  INFO 17524 --- [    Test worker] o.s.t.web.servlet.TestDispatcherServlet  : Initializing Servlet ''
2021-08-23 03:32:08.967  INFO 17524 --- [    Test worker] o.s.t.web.servlet.TestDispatcherServlet  : Completed initialization in 0 ms
2021-08-23 03:32:08.975  INFO 17524 --- [    Test worker] c.e.s.web.HelloControllerTest            : Started HelloControllerTest in 0.536 seconds (JVM running for 5.252)
]]></system-out>
  <system-err><![CDATA[]]></system-err>
</testsuite>
