<?xml version="1.0" encoding="UTF-8"?>
<testsuite name="com.example.springbootwebservice.SpringBootWebserviceApplicationTests" tests="1" skipped="0" failures="0" errors="0" timestamp="2021-08-22T12:58:12" hostname="DESKTOP-PAEG6P6" time="0.002">
  <properties/>
  <testcase name="contextLoads()" classname="com.example.springbootwebservice.SpringBootWebserviceApplicationTests" time="0.002"/>
  <system-out><![CDATA[2021-08-22 21:58:12.801  INFO 11504 --- [    Test worker] .b.t.c.SpringBootTestContextBootstrapper : Neither @ContextConfiguration nor @ContextHierarchy found for test class [com.example.springbootwebservice.SpringBootWebserviceApplicationTests], using SpringBootContextLoader
2021-08-22 21:58:12.801  INFO 11504 --- [    Test worker] o.s.t.c.support.AbstractContextLoader    : Could not detect default resource locations for test class [com.example.springbootwebservice.SpringBootWebserviceApplicationTests]: no resource found for suffixes {-context.xml, Context.groovy}.
2021-08-22 21:58:12.802  INFO 11504 --- [    Test worker] t.c.s.AnnotationConfigContextLoaderUtils : Could not detect default configuration classes for test class [com.example.springbootwebservice.SpringBootWebserviceApplicationTests]: SpringBootWebserviceApplicationTests does not declare any static, non-private, non-final, nested classes annotated with @Configuration.
2021-08-22 21:58:12.805  INFO 11504 --- [    Test worker] .b.t.c.SpringBootTestContextBootstrapper : Found @SpringBootConfiguration com.example.springbootwebservice.SpringBootWebserviceApplication for test class com.example.springbootwebservice.SpringBootWebserviceApplicationTests
2021-08-22 21:58:12.806  INFO 11504 --- [    Test worker] .b.t.c.SpringBootTestContextBootstrapper : Loaded default TestExecutionListener class names from location [META-INF/spring.factories]: [org.springframework.security.test.context.support.WithSecurityContextTestExecutionListener, org.springframework.security.test.context.support.ReactorContextTestExecutionListener, org.springframework.boot.test.autoconfigure.restdocs.RestDocsTestExecutionListener, org.springframework.boot.test.autoconfigure.web.client.MockRestServiceServerResetTestExecutionListener, org.springframework.boot.test.autoconfigure.web.servlet.MockMvcPrintOnlyOnFailureTestExecutionListener, org.springframework.boot.test.autoconfigure.web.servlet.WebDriverTestExecutionListener, org.springframework.boot.test.autoconfigure.webservices.client.MockWebServiceServerTestExecutionListener, org.springframework.boot.test.mock.mockito.MockitoTestExecutionListener, org.springframework.boot.test.mock.mockito.ResetMocksTestExecutionListener, org.springframework.test.context.web.ServletTestExecutionListener, org.springframework.test.context.support.DirtiesContextBeforeModesTestExecutionListener, org.springframework.test.context.event.ApplicationEventsTestExecutionListener, org.springframework.test.context.support.DependencyInjectionTestExecutionListener, org.springframework.test.context.support.DirtiesContextTestExecutionListener, org.springframework.test.context.transaction.TransactionalTestExecutionListener, org.springframework.test.context.jdbc.SqlScriptsTestExecutionListener, org.springframework.test.context.event.EventPublishingTestExecutionListener]
2021-08-22 21:58:12.807  INFO 11504 --- [    Test worker] .b.t.c.SpringBootTestContextBootstrapper : Using TestExecutionListeners: [org.springframework.test.context.web.ServletTestExecutionListener@2853c913, org.springframework.test.context.support.DirtiesContextBeforeModesTestExecutionListener@6f041dc2, org.springframework.test.context.event.ApplicationEventsTestExecutionListener@3e68287a, org.springframework.boot.test.mock.mockito.MockitoTestExecutionListener@495bafc3, org.springframework.boot.test.autoconfigure.SpringBootDependencyInjectionTestExecutionListener@7f76fcaa, org.springframework.test.context.support.DirtiesContextTestExecutionListener@3053048b, org.springframework.test.context.transaction.TransactionalTestExecutionListener@4f87d103, org.springframework.test.context.jdbc.SqlScriptsTestExecutionListener@5bb65a87, org.springframework.security.test.context.support.WithSecurityContextTestExecutionListener@136d7ef7, org.springframework.test.context.event.EventPublishingTestExecutionListener@3bb2474d, org.springframework.security.test.context.support.ReactorContextTestExecutionListener@4a4c86f1, org.springframework.boot.test.autoconfigure.restdocs.RestDocsTestExecutionListener@23479f5d, org.springframework.boot.test.autoconfigure.web.client.MockRestServiceServerResetTestExecutionListener@5b25d704, org.springframework.boot.test.autoconfigure.web.servlet.MockMvcPrintOnlyOnFailureTestExecutionListener@72047b02, org.springframework.boot.test.autoconfigure.web.servlet.WebDriverTestExecutionListener@5cd110bd, org.springframework.boot.test.autoconfigure.webservices.client.MockWebServiceServerTestExecutionListener@43f3d10d, org.springframework.boot.test.mock.mockito.ResetMocksTestExecutionListener@361ba380]
]]></system-out>
  <system-err><![CDATA[]]></system-err>
</testsuite>
