<?xml version="1.0" encoding="UTF-8"?>
<testsuite name="com.example.springbootwebservice.web.HelloControllerTest" tests="2" skipped="0" failures="0" errors="0" timestamp="2021-08-22T11:54:20" hostname="DESKTOP-PAEG6P6" time="0.119">
  <properties/>
  <testcase name="returnHelloDto()" classname="com.example.springbootwebservice.web.HelloControllerTest" time="0.113"/>
  <testcase name="returnHello()" classname="com.example.springbootwebservice.web.HelloControllerTest" time="0.005"/>
  <system-out><![CDATA[2021-08-22 20:54:19.786  INFO 16108 --- [    Test worker] .b.t.a.w.s.WebMvcTestContextBootstrapper : Neither @ContextConfiguration nor @ContextHierarchy found for test class [com.example.springbootwebservice.web.HelloControllerTest], using SpringBootContextLoader
2021-08-22 20:54:19.787  INFO 16108 --- [    Test worker] o.s.t.c.support.AbstractContextLoader    : Could not detect default resource locations for test class [com.example.springbootwebservice.web.HelloControllerTest]: no resource found for suffixes {-context.xml, Context.groovy}.
2021-08-22 20:54:19.787  INFO 16108 --- [    Test worker] t.c.s.AnnotationConfigContextLoaderUtils : Could not detect default configuration classes for test class [com.example.springbootwebservice.web.HelloControllerTest]: HelloControllerTest does not declare any static, non-private, non-final, nested classes annotated with @Configuration.
2021-08-22 20:54:19.800  INFO 16108 --- [    Test worker] .b.t.c.SpringBootTestContextBootstrapper : Found @SpringBootConfiguration com.example.springbootwebservice.SpringBootWebserviceApplication for test class com.example.springbootwebservice.web.HelloControllerTest
2021-08-22 20:54:19.801  INFO 16108 --- [    Test worker] .b.t.a.w.s.WebMvcTestContextBootstrapper : Loaded default TestExecutionListener class names from location [META-INF/spring.factories]: [org.springframework.security.test.context.support.WithSecurityContextTestExecutionListener, org.springframework.security.test.context.support.ReactorContextTestExecutionListener, org.springframework.boot.test.autoconfigure.restdocs.RestDocsTestExecutionListener, org.springframework.boot.test.autoconfigure.web.client.MockRestServiceServerResetTestExecutionListener, org.springframework.boot.test.autoconfigure.web.servlet.MockMvcPrintOnlyOnFailureTestExecutionListener, org.springframework.boot.test.autoconfigure.web.servlet.WebDriverTestExecutionListener, org.springframework.boot.test.autoconfigure.webservices.client.MockWebServiceServerTestExecutionListener, org.springframework.boot.test.mock.mockito.MockitoTestExecutionListener, org.springframework.boot.test.mock.mockito.ResetMocksTestExecutionListener, org.springframework.test.context.web.ServletTestExecutionListener, org.springframework.test.context.support.DirtiesContextBeforeModesTestExecutionListener, org.springframework.test.context.event.ApplicationEventsTestExecutionListener, org.springframework.test.context.support.DependencyInjectionTestExecutionListener, org.springframework.test.context.support.DirtiesContextTestExecutionListener, org.springframework.test.context.transaction.TransactionalTestExecutionListener, org.springframework.test.context.jdbc.SqlScriptsTestExecutionListener, org.springframework.test.context.event.EventPublishingTestExecutionListener]
2021-08-22 20:54:19.802  INFO 16108 --- [    Test worker] .b.t.a.w.s.WebMvcTestContextBootstrapper : Using TestExecutionListeners: [org.springframework.test.context.web.ServletTestExecutionListener@76a9dd3d, org.springframework.test.context.support.DirtiesContextBeforeModesTestExecutionListener@c16d9d0, org.springframework.test.context.event.ApplicationEventsTestExecutionListener@5bdd578a, org.springframework.boot.test.mock.mockito.MockitoTestExecutionListener@4061b34a, org.springframework.boot.test.autoconfigure.SpringBootDependencyInjectionTestExecutionListener@7819de4e, org.springframework.test.context.support.DirtiesContextTestExecutionListener@42fb40c4, org.springframework.test.context.transaction.TransactionalTestExecutionListener@73ab3e16, org.springframework.test.context.jdbc.SqlScriptsTestExecutionListener@3e9d38ca, org.springframework.security.test.context.support.WithSecurityContextTestExecutionListener@8407af9, org.springframework.test.context.event.EventPublishingTestExecutionListener@10a5e655, org.springframework.security.test.context.support.ReactorContextTestExecutionListener@3a5431d9, org.springframework.boot.test.autoconfigure.restdocs.RestDocsTestExecutionListener@6dd81531, org.springframework.boot.test.autoconfigure.web.client.MockRestServiceServerResetTestExecutionListener@66443dc1, org.springframework.boot.test.autoconfigure.web.servlet.MockMvcPrintOnlyOnFailureTestExecutionListener@59ece812, org.springframework.boot.test.autoconfigure.web.servlet.WebDriverTestExecutionListener@422dc00f, org.springframework.boot.test.autoconfigure.webservices.client.MockWebServiceServerTestExecutionListener@6ff124e6, org.springframework.boot.test.mock.mockito.ResetMocksTestExecutionListener@281ca6ec]

  .   ____          _            __ _ _
 /\\ / ___'_ __ _ _(_)_ __  __ _ \ \ \ \
( ( )\___ | '_ | '_| | '_ \/ _` | \ \ \ \
 \\/  ___)| |_)| | | | | || (_| |  ) ) ) )
  '  |____| .__|_| |_|_| |_\__, | / / / /
 =========|_|==============|___/=/_/_/_/
 :: Spring Boot ::                (v2.5.3)

2021-08-22 20:54:19.823  INFO 16108 --- [    Test worker] c.e.s.web.HelloControllerTest            : Starting HelloControllerTest using Java 11.0.11 on DESKTOP-PAEG6P6 with PID 16108 (started by Yoon in C:\Users\Yoon\Desktop\Spring\spring-boot-webservice)
2021-08-22 20:54:19.824  INFO 16108 --- [    Test worker] c.e.s.web.HelloControllerTest            : No active profile set, falling back to default profiles: default
2021-08-22 20:54:20.063  INFO 16108 --- [    Test worker] o.s.b.a.w.s.WelcomePageHandlerMapping    : Adding welcome page template: index
2021-08-22 20:54:20.234  INFO 16108 --- [    Test worker] o.s.s.web.DefaultSecurityFilterChain     : Will secure any request with [org.springframework.security.web.context.request.async.WebAsyncManagerIntegrationFilter@4565a98a, org.springframework.security.web.context.SecurityContextPersistenceFilter@60dc9043, org.springframework.security.web.header.HeaderWriterFilter@35d323c, org.springframework.security.web.csrf.CsrfFilter@7d9bf2a6, org.springframework.security.web.authentication.logout.LogoutFilter@68cf1909, org.springframework.security.oauth2.client.web.OAuth2AuthorizationRequestRedirectFilter@2bb0e659, org.springframework.security.oauth2.client.web.OAuth2AuthorizationRequestRedirectFilter@14f623b, org.springframework.security.oauth2.client.web.OAuth2LoginAuthenticationFilter@20abe84a, org.springframework.security.web.authentication.ui.DefaultLoginPageGeneratingFilter@25f12320, org.springframework.security.web.authentication.ui.DefaultLogoutPageGeneratingFilter@5a7f22f5, org.springframework.security.web.savedrequest.RequestCacheAwareFilter@4ed07464, org.springframework.security.web.servletapi.SecurityContextHolderAwareRequestFilter@24f67350, org.springframework.security.web.authentication.AnonymousAuthenticationFilter@8b794e4, org.springframework.security.oauth2.client.web.OAuth2AuthorizationCodeGrantFilter@3419454, org.springframework.security.web.session.SessionManagementFilter@345f9e90, org.springframework.security.web.access.ExceptionTranslationFilter@2171fa76, org.springframework.security.web.access.intercept.FilterSecurityInterceptor@4c9ce4b7]
2021-08-22 20:54:20.283  INFO 16108 --- [    Test worker] o.s.b.t.m.w.SpringBootMockServletContext : Initializing Spring TestDispatcherServlet ''
2021-08-22 20:54:20.283  INFO 16108 --- [    Test worker] o.s.t.web.servlet.TestDispatcherServlet  : Initializing Servlet ''
2021-08-22 20:54:20.284  INFO 16108 --- [    Test worker] o.s.t.web.servlet.TestDispatcherServlet  : Completed initialization in 1 ms
2021-08-22 20:54:20.292  INFO 16108 --- [    Test worker] c.e.s.web.HelloControllerTest            : Started HelloControllerTest in 0.488 seconds (JVM running for 5.119)
]]></system-out>
  <system-err><![CDATA[]]></system-err>
</testsuite>
