<?xml version="1.0" encoding="UTF-8"?>
<testsuite name="com.example.springbootwebservice.web.HelloControllerTest" tests="2" skipped="0" failures="0" errors="0" timestamp="2021-08-22T12:58:13" hostname="DESKTOP-PAEG6P6" time="0.117">
  <properties/>
  <testcase name="returnHelloDto()" classname="com.example.springbootwebservice.web.HelloControllerTest" time="0.111"/>
  <testcase name="returnHello()" classname="com.example.springbootwebservice.web.HelloControllerTest" time="0.005"/>
  <system-out><![CDATA[2021-08-22 21:58:12.815  INFO 11504 --- [    Test worker] .b.t.a.w.s.WebMvcTestContextBootstrapper : Neither @ContextConfiguration nor @ContextHierarchy found for test class [com.example.springbootwebservice.web.HelloControllerTest], using SpringBootContextLoader
2021-08-22 21:58:12.816  INFO 11504 --- [    Test worker] o.s.t.c.support.AbstractContextLoader    : Could not detect default resource locations for test class [com.example.springbootwebservice.web.HelloControllerTest]: no resource found for suffixes {-context.xml, Context.groovy}.
2021-08-22 21:58:12.816  INFO 11504 --- [    Test worker] t.c.s.AnnotationConfigContextLoaderUtils : Could not detect default configuration classes for test class [com.example.springbootwebservice.web.HelloControllerTest]: HelloControllerTest does not declare any static, non-private, non-final, nested classes annotated with @Configuration.
2021-08-22 21:58:12.829  INFO 11504 --- [    Test worker] .b.t.c.SpringBootTestContextBootstrapper : Found @SpringBootConfiguration com.example.springbootwebservice.SpringBootWebserviceApplication for test class com.example.springbootwebservice.web.HelloControllerTest
2021-08-22 21:58:12.830  INFO 11504 --- [    Test worker] .b.t.a.w.s.WebMvcTestContextBootstrapper : Loaded default TestExecutionListener class names from location [META-INF/spring.factories]: [org.springframework.security.test.context.support.WithSecurityContextTestExecutionListener, org.springframework.security.test.context.support.ReactorContextTestExecutionListener, org.springframework.boot.test.autoconfigure.restdocs.RestDocsTestExecutionListener, org.springframework.boot.test.autoconfigure.web.client.MockRestServiceServerResetTestExecutionListener, org.springframework.boot.test.autoconfigure.web.servlet.MockMvcPrintOnlyOnFailureTestExecutionListener, org.springframework.boot.test.autoconfigure.web.servlet.WebDriverTestExecutionListener, org.springframework.boot.test.autoconfigure.webservices.client.MockWebServiceServerTestExecutionListener, org.springframework.boot.test.mock.mockito.MockitoTestExecutionListener, org.springframework.boot.test.mock.mockito.ResetMocksTestExecutionListener, org.springframework.test.context.web.ServletTestExecutionListener, org.springframework.test.context.support.DirtiesContextBeforeModesTestExecutionListener, org.springframework.test.context.event.ApplicationEventsTestExecutionListener, org.springframework.test.context.support.DependencyInjectionTestExecutionListener, org.springframework.test.context.support.DirtiesContextTestExecutionListener, org.springframework.test.context.transaction.TransactionalTestExecutionListener, org.springframework.test.context.jdbc.SqlScriptsTestExecutionListener, org.springframework.test.context.event.EventPublishingTestExecutionListener]
2021-08-22 21:58:12.831  INFO 11504 --- [    Test worker] .b.t.a.w.s.WebMvcTestContextBootstrapper : Using TestExecutionListeners: [org.springframework.test.context.web.ServletTestExecutionListener@1b53598a, org.springframework.test.context.support.DirtiesContextBeforeModesTestExecutionListener@5757b80d, org.springframework.test.context.event.ApplicationEventsTestExecutionListener@5587275b, org.springframework.boot.test.mock.mockito.MockitoTestExecutionListener@70589635, org.springframework.boot.test.autoconfigure.SpringBootDependencyInjectionTestExecutionListener@71460ebd, org.springframework.test.context.support.DirtiesContextTestExecutionListener@1bbb5748, org.springframework.test.context.transaction.TransactionalTestExecutionListener@776a069b, org.springframework.test.context.jdbc.SqlScriptsTestExecutionListener@4337cf7d, org.springframework.security.test.context.support.WithSecurityContextTestExecutionListener@2c51240, org.springframework.test.context.event.EventPublishingTestExecutionListener@43851447, org.springframework.security.test.context.support.ReactorContextTestExecutionListener@647c8c72, org.springframework.boot.test.autoconfigure.restdocs.RestDocsTestExecutionListener@19cdeba7, org.springframework.boot.test.autoconfigure.web.client.MockRestServiceServerResetTestExecutionListener@3330bdcc, org.springframework.boot.test.autoconfigure.web.servlet.MockMvcPrintOnlyOnFailureTestExecutionListener@58fcb0c1, org.springframework.boot.test.autoconfigure.web.servlet.WebDriverTestExecutionListener@5863a8b0, org.springframework.boot.test.autoconfigure.webservices.client.MockWebServiceServerTestExecutionListener@2e05e0c8, org.springframework.boot.test.mock.mockito.ResetMocksTestExecutionListener@186df619]

  .   ____          _            __ _ _
 /\\ / ___'_ __ _ _(_)_ __  __ _ \ \ \ \
( ( )\___ | '_ | '_| | '_ \/ _` | \ \ \ \
 \\/  ___)| |_)| | | | | || (_| |  ) ) ) )
  '  |____| .__|_| |_|_| |_\__, | / / / /
 =========|_|==============|___/=/_/_/_/
 :: Spring Boot ::                (v2.5.3)

2021-08-22 21:58:12.849  INFO 11504 --- [    Test worker] c.e.s.web.HelloControllerTest            : Starting HelloControllerTest using Java 11.0.11 on DESKTOP-PAEG6P6 with PID 11504 (started by Yoon in C:\Users\Yoon\Desktop\Spring\spring-boot-webservice)
2021-08-22 21:58:12.850  INFO 11504 --- [    Test worker] c.e.s.web.HelloControllerTest            : No active profile set, falling back to default profiles: default
2021-08-22 21:58:13.063  INFO 11504 --- [    Test worker] o.s.b.a.w.s.WelcomePageHandlerMapping    : Adding welcome page template: index
2021-08-22 21:58:13.230  INFO 11504 --- [    Test worker] o.s.s.web.DefaultSecurityFilterChain     : Will secure any request with [org.springframework.security.web.context.request.async.WebAsyncManagerIntegrationFilter@4164a582, org.springframework.security.web.context.SecurityContextPersistenceFilter@791ad6ba, org.springframework.security.web.header.HeaderWriterFilter@5b5dd029, org.springframework.security.web.csrf.CsrfFilter@639fde9d, org.springframework.security.web.authentication.logout.LogoutFilter@75296c33, org.springframework.security.oauth2.client.web.OAuth2AuthorizationRequestRedirectFilter@22099da9, org.springframework.security.oauth2.client.web.OAuth2AuthorizationRequestRedirectFilter@298cb596, org.springframework.security.oauth2.client.web.OAuth2LoginAuthenticationFilter@2a46880f, org.springframework.security.web.authentication.ui.DefaultLoginPageGeneratingFilter@1d6ba598, org.springframework.security.web.authentication.ui.DefaultLogoutPageGeneratingFilter@501cc9b3, org.springframework.security.web.savedrequest.RequestCacheAwareFilter@63017563, org.springframework.security.web.servletapi.SecurityContextHolderAwareRequestFilter@56682db2, org.springframework.security.web.authentication.AnonymousAuthenticationFilter@18afbceb, org.springframework.security.oauth2.client.web.OAuth2AuthorizationCodeGrantFilter@6ff14d2f, org.springframework.security.web.session.SessionManagementFilter@45a92c81, org.springframework.security.web.access.ExceptionTranslationFilter@462b8547, org.springframework.security.web.access.intercept.FilterSecurityInterceptor@60434745]
2021-08-22 21:58:13.283  INFO 11504 --- [    Test worker] o.s.b.t.m.w.SpringBootMockServletContext : Initializing Spring TestDispatcherServlet ''
2021-08-22 21:58:13.283  INFO 11504 --- [    Test worker] o.s.t.web.servlet.TestDispatcherServlet  : Initializing Servlet ''
2021-08-22 21:58:13.284  INFO 11504 --- [    Test worker] o.s.t.web.servlet.TestDispatcherServlet  : Completed initialization in 1 ms
2021-08-22 21:58:13.296  INFO 11504 --- [    Test worker] c.e.s.web.HelloControllerTest            : Started HelloControllerTest in 0.463 seconds (JVM running for 4.894)
]]></system-out>
  <system-err><![CDATA[]]></system-err>
</testsuite>
