<?xml version="1.0" encoding="UTF-8"?>
<testsuite name="com.example.springbootwebservice.SpringBootWebserviceApplicationTests" tests="1" skipped="0" failures="0" errors="0" timestamp="2021-08-22T18:32:08" hostname="DESKTOP-PAEG6P6" time="0.003">
  <properties/>
  <testcase name="contextLoads()" classname="com.example.springbootwebservice.SpringBootWebserviceApplicationTests" time="0.003"/>
  <system-out><![CDATA[2021-08-23 03:32:08.396  INFO 17524 --- [    Test worker] .b.t.c.SpringBootTestContextBootstrapper : Neither @ContextConfiguration nor @ContextHierarchy found for test class [com.example.springbootwebservice.SpringBootWebserviceApplicationTests], using SpringBootContextLoader
2021-08-23 03:32:08.397  INFO 17524 --- [    Test worker] o.s.t.c.support.AbstractContextLoader    : Could not detect default resource locations for test class [com.example.springbootwebservice.SpringBootWebserviceApplicationTests]: no resource found for suffixes {-context.xml, Context.groovy}.
2021-08-23 03:32:08.397  INFO 17524 --- [    Test worker] t.c.s.AnnotationConfigContextLoaderUtils : Could not detect default configuration classes for test class [com.example.springbootwebservice.SpringBootWebserviceApplicationTests]: SpringBootWebserviceApplicationTests does not declare any static, non-private, non-final, nested classes annotated with @Configuration.
2021-08-23 03:32:08.402  INFO 17524 --- [    Test worker] .b.t.c.SpringBootTestContextBootstrapper : Found @SpringBootConfiguration com.example.springbootwebservice.SpringBootWebserviceApplication for test class com.example.springbootwebservice.SpringBootWebserviceApplicationTests
2021-08-23 03:32:08.403  INFO 17524 --- [    Test worker] .b.t.c.SpringBootTestContextBootstrapper : Loaded default TestExecutionListener class names from location [META-INF/spring.factories]: [org.springframework.security.test.context.support.WithSecurityContextTestExecutionListener, org.springframework.security.test.context.support.ReactorContextTestExecutionListener, org.springframework.boot.test.autoconfigure.restdocs.RestDocsTestExecutionListener, org.springframework.boot.test.autoconfigure.web.client.MockRestServiceServerResetTestExecutionListener, org.springframework.boot.test.autoconfigure.web.servlet.MockMvcPrintOnlyOnFailureTestExecutionListener, org.springframework.boot.test.autoconfigure.web.servlet.WebDriverTestExecutionListener, org.springframework.boot.test.autoconfigure.webservices.client.MockWebServiceServerTestExecutionListener, org.springframework.boot.test.mock.mockito.MockitoTestExecutionListener, org.springframework.boot.test.mock.mockito.ResetMocksTestExecutionListener, org.springframework.test.context.web.ServletTestExecutionListener, org.springframework.test.context.support.DirtiesContextBeforeModesTestExecutionListener, org.springframework.test.context.event.ApplicationEventsTestExecutionListener, org.springframework.test.context.support.DependencyInjectionTestExecutionListener, org.springframework.test.context.support.DirtiesContextTestExecutionListener, org.springframework.test.context.transaction.TransactionalTestExecutionListener, org.springframework.test.context.jdbc.SqlScriptsTestExecutionListener, org.springframework.test.context.event.EventPublishingTestExecutionListener]
2021-08-23 03:32:08.404  INFO 17524 --- [    Test worker] .b.t.c.SpringBootTestContextBootstrapper : Using TestExecutionListeners: [org.springframework.test.context.web.ServletTestExecutionListener@49efacce, org.springframework.test.context.support.DirtiesContextBeforeModesTestExecutionListener@45ef0259, org.springframework.test.context.event.ApplicationEventsTestExecutionListener@2d772918, org.springframework.boot.test.mock.mockito.MockitoTestExecutionListener@3633975a, org.springframework.boot.test.autoconfigure.SpringBootDependencyInjectionTestExecutionListener@28ec48e, org.springframework.test.context.support.DirtiesContextTestExecutionListener@3fcef34c, org.springframework.test.context.transaction.TransactionalTestExecutionListener@2b653244, org.springframework.test.context.jdbc.SqlScriptsTestExecutionListener@146f935, org.springframework.security.test.context.support.WithSecurityContextTestExecutionListener@7598f727, org.springframework.test.context.event.EventPublishingTestExecutionListener@3d042e4b, org.springframework.security.test.context.support.ReactorContextTestExecutionListener@3ff1ccbd, org.springframework.boot.test.autoconfigure.restdocs.RestDocsTestExecutionListener@9c81527, org.springframework.boot.test.autoconfigure.web.client.MockRestServiceServerResetTestExecutionListener@3bdbeaf6, org.springframework.boot.test.autoconfigure.web.servlet.MockMvcPrintOnlyOnFailureTestExecutionListener@27b1fdb0, org.springframework.boot.test.autoconfigure.web.servlet.WebDriverTestExecutionListener@169459df, org.springframework.boot.test.autoconfigure.webservices.client.MockWebServiceServerTestExecutionListener@5f3c1707, org.springframework.boot.test.mock.mockito.ResetMocksTestExecutionListener@3bd4da4c]
]]></system-out>
  <system-err><![CDATA[]]></system-err>
</testsuite>
