<?xml version="1.0" encoding="UTF-8"?>
<testsuite name="com.example.springbootwebservice.SpringBootWebserviceApplicationTests" tests="1" skipped="0" failures="0" errors="0" timestamp="2021-08-22T11:54:19" hostname="DESKTOP-PAEG6P6" time="0.002">
  <properties/>
  <testcase name="contextLoads()" classname="com.example.springbootwebservice.SpringBootWebserviceApplicationTests" time="0.002"/>
  <system-out><![CDATA[2021-08-22 20:54:19.772  INFO 16108 --- [    Test worker] .b.t.c.SpringBootTestContextBootstrapper : Neither @ContextConfiguration nor @ContextHierarchy found for test class [com.example.springbootwebservice.SpringBootWebserviceApplicationTests], using SpringBootContextLoader
2021-08-22 20:54:19.773  INFO 16108 --- [    Test worker] o.s.t.c.support.AbstractContextLoader    : Could not detect default resource locations for test class [com.example.springbootwebservice.SpringBootWebserviceApplicationTests]: no resource found for suffixes {-context.xml, Context.groovy}.
2021-08-22 20:54:19.773  INFO 16108 --- [    Test worker] t.c.s.AnnotationConfigContextLoaderUtils : Could not detect default configuration classes for test class [com.example.springbootwebservice.SpringBootWebserviceApplicationTests]: SpringBootWebserviceApplicationTests does not declare any static, non-private, non-final, nested classes annotated with @Configuration.
2021-08-22 20:54:19.776  INFO 16108 --- [    Test worker] .b.t.c.SpringBootTestContextBootstrapper : Found @SpringBootConfiguration com.example.springbootwebservice.SpringBootWebserviceApplication for test class com.example.springbootwebservice.SpringBootWebserviceApplicationTests
2021-08-22 20:54:19.778  INFO 16108 --- [    Test worker] .b.t.c.SpringBootTestContextBootstrapper : Loaded default TestExecutionListener class names from location [META-INF/spring.factories]: [org.springframework.security.test.context.support.WithSecurityContextTestExecutionListener, org.springframework.security.test.context.support.ReactorContextTestExecutionListener, org.springframework.boot.test.autoconfigure.restdocs.RestDocsTestExecutionListener, org.springframework.boot.test.autoconfigure.web.client.MockRestServiceServerResetTestExecutionListener, org.springframework.boot.test.autoconfigure.web.servlet.MockMvcPrintOnlyOnFailureTestExecutionListener, org.springframework.boot.test.autoconfigure.web.servlet.WebDriverTestExecutionListener, org.springframework.boot.test.autoconfigure.webservices.client.MockWebServiceServerTestExecutionListener, org.springframework.boot.test.mock.mockito.MockitoTestExecutionListener, org.springframework.boot.test.mock.mockito.ResetMocksTestExecutionListener, org.springframework.test.context.web.ServletTestExecutionListener, org.springframework.test.context.support.DirtiesContextBeforeModesTestExecutionListener, org.springframework.test.context.event.ApplicationEventsTestExecutionListener, org.springframework.test.context.support.DependencyInjectionTestExecutionListener, org.springframework.test.context.support.DirtiesContextTestExecutionListener, org.springframework.test.context.transaction.TransactionalTestExecutionListener, org.springframework.test.context.jdbc.SqlScriptsTestExecutionListener, org.springframework.test.context.event.EventPublishingTestExecutionListener]
2021-08-22 20:54:19.778  INFO 16108 --- [    Test worker] .b.t.c.SpringBootTestContextBootstrapper : Using TestExecutionListeners: [org.springframework.test.context.web.ServletTestExecutionListener@703eaea, org.springframework.test.context.support.DirtiesContextBeforeModesTestExecutionListener@140aa633, org.springframework.test.context.event.ApplicationEventsTestExecutionListener@5a4f93d4, org.springframework.boot.test.mock.mockito.MockitoTestExecutionListener@4e6c6be1, org.springframework.boot.test.autoconfigure.SpringBootDependencyInjectionTestExecutionListener@56209c7c, org.springframework.test.context.support.DirtiesContextTestExecutionListener@17da83b5, org.springframework.test.context.transaction.TransactionalTestExecutionListener@312d63a9, org.springframework.test.context.jdbc.SqlScriptsTestExecutionListener@1cb3350e, org.springframework.security.test.context.support.WithSecurityContextTestExecutionListener@4ea29998, org.springframework.test.context.event.EventPublishingTestExecutionListener@da67cd2, org.springframework.security.test.context.support.ReactorContextTestExecutionListener@57cc76e4, org.springframework.boot.test.autoconfigure.restdocs.RestDocsTestExecutionListener@52d23256, org.springframework.boot.test.autoconfigure.web.client.MockRestServiceServerResetTestExecutionListener@8e61fcd, org.springframework.boot.test.autoconfigure.web.servlet.MockMvcPrintOnlyOnFailureTestExecutionListener@3618a2ef, org.springframework.boot.test.autoconfigure.web.servlet.WebDriverTestExecutionListener@2d7899e, org.springframework.boot.test.autoconfigure.webservices.client.MockWebServiceServerTestExecutionListener@41d45b10, org.springframework.boot.test.mock.mockito.ResetMocksTestExecutionListener@79742c90]
]]></system-out>
  <system-err><![CDATA[]]></system-err>
</testsuite>
