<?xml version="1.0" encoding="UTF-8"?>
<testsuite name="com.example.springbootwebservice.SpringBootWebserviceApplicationTests" tests="1" skipped="0" failures="0" errors="0" timestamp="2021-08-21T12:39:13" hostname="DESKTOP-PAEG6P6" time="0.001">
  <properties/>
  <testcase name="contextLoads()" classname="com.example.springbootwebservice.SpringBootWebserviceApplicationTests" time="0.001"/>
  <system-out><![CDATA[2021-08-21 21:39:13.384  INFO 15320 --- [    Test worker] .b.t.c.SpringBootTestContextBootstrapper : Neither @ContextConfiguration nor @ContextHierarchy found for test class [com.example.springbootwebservice.SpringBootWebserviceApplicationTests], using SpringBootContextLoader
2021-08-21 21:39:13.384  INFO 15320 --- [    Test worker] o.s.t.c.support.AbstractContextLoader    : Could not detect default resource locations for test class [com.example.springbootwebservice.SpringBootWebserviceApplicationTests]: no resource found for suffixes {-context.xml, Context.groovy}.
2021-08-21 21:39:13.384  INFO 15320 --- [    Test worker] t.c.s.AnnotationConfigContextLoaderUtils : Could not detect default configuration classes for test class [com.example.springbootwebservice.SpringBootWebserviceApplicationTests]: SpringBootWebserviceApplicationTests does not declare any static, non-private, non-final, nested classes annotated with @Configuration.
2021-08-21 21:39:13.387  INFO 15320 --- [    Test worker] .b.t.c.SpringBootTestContextBootstrapper : Found @SpringBootConfiguration com.example.springbootwebservice.SpringBootWebserviceApplication for test class com.example.springbootwebservice.SpringBootWebserviceApplicationTests
2021-08-21 21:39:13.388  INFO 15320 --- [    Test worker] .b.t.c.SpringBootTestContextBootstrapper : Loaded default TestExecutionListener class names from location [META-INF/spring.factories]: [org.springframework.security.test.context.support.WithSecurityContextTestExecutionListener, org.springframework.security.test.context.support.ReactorContextTestExecutionListener, org.springframework.boot.test.autoconfigure.restdocs.RestDocsTestExecutionListener, org.springframework.boot.test.autoconfigure.web.client.MockRestServiceServerResetTestExecutionListener, org.springframework.boot.test.autoconfigure.web.servlet.MockMvcPrintOnlyOnFailureTestExecutionListener, org.springframework.boot.test.autoconfigure.web.servlet.WebDriverTestExecutionListener, org.springframework.boot.test.autoconfigure.webservices.client.MockWebServiceServerTestExecutionListener, org.springframework.boot.test.mock.mockito.MockitoTestExecutionListener, org.springframework.boot.test.mock.mockito.ResetMocksTestExecutionListener, org.springframework.test.context.web.ServletTestExecutionListener, org.springframework.test.context.support.DirtiesContextBeforeModesTestExecutionListener, org.springframework.test.context.event.ApplicationEventsTestExecutionListener, org.springframework.test.context.support.DependencyInjectionTestExecutionListener, org.springframework.test.context.support.DirtiesContextTestExecutionListener, org.springframework.test.context.transaction.TransactionalTestExecutionListener, org.springframework.test.context.jdbc.SqlScriptsTestExecutionListener, org.springframework.test.context.event.EventPublishingTestExecutionListener]
2021-08-21 21:39:13.389  INFO 15320 --- [    Test worker] .b.t.c.SpringBootTestContextBootstrapper : Using TestExecutionListeners: [org.springframework.test.context.web.ServletTestExecutionListener@298659dd, org.springframework.test.context.support.DirtiesContextBeforeModesTestExecutionListener@777f369d, org.springframework.test.context.event.ApplicationEventsTestExecutionListener@8ba4c13, org.springframework.boot.test.mock.mockito.MockitoTestExecutionListener@7854f429, org.springframework.boot.test.autoconfigure.SpringBootDependencyInjectionTestExecutionListener@6307024f, org.springframework.test.context.support.DirtiesContextTestExecutionListener@6d421b6c, org.springframework.test.context.transaction.TransactionalTestExecutionListener@37c20803, org.springframework.test.context.jdbc.SqlScriptsTestExecutionListener@68e8576e, org.springframework.security.test.context.support.WithSecurityContextTestExecutionListener@33a63546, org.springframework.test.context.event.EventPublishingTestExecutionListener@4ec2d125, org.springframework.security.test.context.support.ReactorContextTestExecutionListener@69e75aee, org.springframework.boot.test.autoconfigure.restdocs.RestDocsTestExecutionListener@439e239b, org.springframework.boot.test.autoconfigure.web.client.MockRestServiceServerResetTestExecutionListener@419022ab, org.springframework.boot.test.autoconfigure.web.servlet.MockMvcPrintOnlyOnFailureTestExecutionListener@19039845, org.springframework.boot.test.autoconfigure.web.servlet.WebDriverTestExecutionListener@4a6091a1, org.springframework.boot.test.autoconfigure.webservices.client.MockWebServiceServerTestExecutionListener@7850f18d, org.springframework.boot.test.mock.mockito.ResetMocksTestExecutionListener@38150156]
]]></system-out>
  <system-err><![CDATA[]]></system-err>
</testsuite>
