<?xml version="1.0" encoding="UTF-8"?>
<testsuite name="com.example.springbootwebservice.domain.posts.PostsRepositoryTest" tests="2" skipped="0" failures="0" errors="0" timestamp="2021-08-22T11:22:45" hostname="DESKTOP-PAEG6P6" time="0.192">
  <properties/>
  <testcase name="BaseTimeEntity_register()" classname="com.example.springbootwebservice.domain.posts.PostsRepositoryTest" time="0.185"/>
  <testcase name="getPost()" classname="com.example.springbootwebservice.domain.posts.PostsRepositoryTest" time="0.006"/>
  <system-out><![CDATA[20:22:42.220 [Test worker] DEBUG org.springframework.test.context.BootstrapUtils - Instantiating CacheAwareContextLoaderDelegate from class [org.springframework.test.context.cache.DefaultCacheAwareContextLoaderDelegate]
20:22:42.230 [Test worker] DEBUG org.springframework.test.context.BootstrapUtils - Instantiating BootstrapContext using constructor [public org.springframework.test.context.support.DefaultBootstrapContext(java.lang.Class,org.springframework.test.context.CacheAwareContextLoaderDelegate)]
20:22:42.252 [Test worker] DEBUG org.springframework.test.context.BootstrapUtils - Instantiating TestContextBootstrapper for test class [com.example.springbootwebservice.domain.posts.PostsRepositoryTest] from class [org.springframework.boot.test.context.SpringBootTestContextBootstrapper]
20:22:42.260 [Test worker] INFO org.springframework.boot.test.context.SpringBootTestContextBootstrapper - Neither @ContextConfiguration nor @ContextHierarchy found for test class [com.example.springbootwebservice.domain.posts.PostsRepositoryTest], using SpringBootContextLoader
20:22:42.263 [Test worker] DEBUG org.springframework.test.context.support.AbstractContextLoader - Did not detect default resource location for test class [com.example.springbootwebservice.domain.posts.PostsRepositoryTest]: class path resource [com/example/springbootwebservice/domain/posts/PostsRepositoryTest-context.xml] does not exist
20:22:42.263 [Test worker] DEBUG org.springframework.test.context.support.AbstractContextLoader - Did not detect default resource location for test class [com.example.springbootwebservice.domain.posts.PostsRepositoryTest]: class path resource [com/example/springbootwebservice/domain/posts/PostsRepositoryTestContext.groovy] does not exist
20:22:42.263 [Test worker] INFO org.springframework.test.context.support.AbstractContextLoader - Could not detect default resource locations for test class [com.example.springbootwebservice.domain.posts.PostsRepositoryTest]: no resource found for suffixes {-context.xml, Context.groovy}.
20:22:42.264 [Test worker] INFO org.springframework.test.context.support.AnnotationConfigContextLoaderUtils - Could not detect default configuration classes for test class [com.example.springbootwebservice.domain.posts.PostsRepositoryTest]: PostsRepositoryTest does not declare any static, non-private, non-final, nested classes annotated with @Configuration.
20:22:42.292 [Test worker] DEBUG org.springframework.test.context.support.ActiveProfilesUtils - Could not find an 'annotation declaring class' for annotation type [org.springframework.test.context.ActiveProfiles] and class [com.example.springbootwebservice.domain.posts.PostsRepositoryTest]
20:22:42.333 [Test worker] DEBUG org.springframework.context.annotation.ClassPathScanningCandidateComponentProvider - Identified candidate component class: file [C:\Users\Yoon\Desktop\Spring\spring-boot-webservice\build\classes\java\main\com\example\springbootwebservice\SpringBootWebserviceApplication.class]
20:22:42.334 [Test worker] INFO org.springframework.boot.test.context.SpringBootTestContextBootstrapper - Found @SpringBootConfiguration com.example.springbootwebservice.SpringBootWebserviceApplication for test class com.example.springbootwebservice.domain.posts.PostsRepositoryTest
20:22:42.409 [Test worker] DEBUG org.springframework.boot.test.context.SpringBootTestContextBootstrapper - @TestExecutionListeners is not present for class [com.example.springbootwebservice.domain.posts.PostsRepositoryTest]: using defaults.
20:22:42.409 [Test worker] INFO org.springframework.boot.test.context.SpringBootTestContextBootstrapper - Loaded default TestExecutionListener class names from location [META-INF/spring.factories]: [org.springframework.security.test.context.support.WithSecurityContextTestExecutionListener, org.springframework.security.test.context.support.ReactorContextTestExecutionListener, org.springframework.boot.test.autoconfigure.restdocs.RestDocsTestExecutionListener, org.springframework.boot.test.autoconfigure.web.client.MockRestServiceServerResetTestExecutionListener, org.springframework.boot.test.autoconfigure.web.servlet.MockMvcPrintOnlyOnFailureTestExecutionListener, org.springframework.boot.test.autoconfigure.web.servlet.WebDriverTestExecutionListener, org.springframework.boot.test.autoconfigure.webservices.client.MockWebServiceServerTestExecutionListener, org.springframework.boot.test.mock.mockito.MockitoTestExecutionListener, org.springframework.boot.test.mock.mockito.ResetMocksTestExecutionListener, org.springframework.test.context.web.ServletTestExecutionListener, org.springframework.test.context.support.DirtiesContextBeforeModesTestExecutionListener, org.springframework.test.context.event.ApplicationEventsTestExecutionListener, org.springframework.test.context.support.DependencyInjectionTestExecutionListener, org.springframework.test.context.support.DirtiesContextTestExecutionListener, org.springframework.test.context.transaction.TransactionalTestExecutionListener, org.springframework.test.context.jdbc.SqlScriptsTestExecutionListener, org.springframework.test.context.event.EventPublishingTestExecutionListener]
20:22:42.422 [Test worker] INFO org.springframework.boot.test.context.SpringBootTestContextBootstrapper - Using TestExecutionListeners: [org.springframework.test.context.web.ServletTestExecutionListener@3f3a639c, org.springframework.test.context.support.DirtiesContextBeforeModesTestExecutionListener@6ef966e, org.springframework.test.context.event.ApplicationEventsTestExecutionListener@809a2f7, org.springframework.boot.test.mock.mockito.MockitoTestExecutionListener@53af2428, org.springframework.boot.test.autoconfigure.SpringBootDependencyInjectionTestExecutionListener@3fe59b42, org.springframework.test.context.support.DirtiesContextTestExecutionListener@45c33636, org.springframework.test.context.transaction.TransactionalTestExecutionListener@182a63, org.springframework.test.context.jdbc.SqlScriptsTestExecutionListener@2a3cc02c, org.springframework.security.test.context.support.WithSecurityContextTestExecutionListener@399061a2, org.springframework.test.context.event.EventPublishingTestExecutionListener@653e9220, org.springframework.security.test.context.support.ReactorContextTestExecutionListener@24b4f7d6, org.springframework.boot.test.autoconfigure.restdocs.RestDocsTestExecutionListener@68c56ecc, org.springframework.boot.test.autoconfigure.web.client.MockRestServiceServerResetTestExecutionListener@52e28f07, org.springframework.boot.test.autoconfigure.web.servlet.MockMvcPrintOnlyOnFailureTestExecutionListener@435ca8e9, org.springframework.boot.test.autoconfigure.web.servlet.WebDriverTestExecutionListener@40d5fd13, org.springframework.boot.test.autoconfigure.webservices.client.MockWebServiceServerTestExecutionListener@32548cb, org.springframework.boot.test.mock.mockito.ResetMocksTestExecutionListener@4579651f]
20:22:42.425 [Test worker] DEBUG org.springframework.test.context.support.AbstractDirtiesContextTestExecutionListener - Before test class: context [DefaultTestContext@3a09da38 testClass = PostsRepositoryTest, testInstance = [null], testMethod = [null], testException = [null], mergedContextConfiguration = [WebMergedContextConfiguration@41f16a4a testClass = PostsRepositoryTest, locations = '{}', classes = '{class com.example.springbootwebservice.SpringBootWebserviceApplication}', contextInitializerClasses = '[]', activeProfiles = '{}', propertySourceLocations = '{}', propertySourceProperties = '{org.springframework.boot.test.context.SpringBootTestContextBootstrapper=true}', contextCustomizers = set[org.springframework.boot.test.autoconfigure.actuate.metrics.MetricsExportContextCustomizerFactory$DisableMetricExportContextCustomizer@3395ca69, org.springframework.boot.test.autoconfigure.properties.PropertyMappingContextCustomizer@0, org.springframework.boot.test.autoconfigure.web.servlet.WebDriverContextCustomizerFactory$Customizer@266e341d, org.springframework.boot.test.context.filter.ExcludeFilterContextCustomizer@2c252fd8, org.springframework.boot.test.json.DuplicateJsonObjectContextCustomizerFactory$DuplicateJsonObjectContextCustomizer@338e6ad4, org.springframework.boot.test.mock.mockito.MockitoContextCustomizer@0, org.springframework.boot.test.web.client.TestRestTemplateContextCustomizer@60d15f06, org.springframework.boot.test.context.SpringBootTestArgs@1, org.springframework.boot.test.context.SpringBootTestWebEnvironment@6b277d6e], resourceBasePath = 'src/main/webapp', contextLoader = 'org.springframework.boot.test.context.SpringBootContextLoader', parent = [null]], attributes = map['org.springframework.test.context.web.ServletTestExecutionListener.activateListener' -> true]], class annotated with @DirtiesContext [false] with mode [null].
20:22:42.445 [Test worker] DEBUG org.springframework.test.context.support.TestPropertySourceUtils - Adding inlined properties to environment: {spring.jmx.enabled=false, org.springframework.boot.test.context.SpringBootTestContextBootstrapper=true}

  .   ____          _            __ _ _
 /\\ / ___'_ __ _ _(_)_ __  __ _ \ \ \ \
( ( )\___ | '_ | '_| | '_ \/ _` | \ \ \ \
 \\/  ___)| |_)| | | | | || (_| |  ) ) ) )
  '  |____| .__|_| |_|_| |_\__, | / / / /
 =========|_|==============|___/=/_/_/_/
 :: Spring Boot ::                (v2.5.3)

2021-08-22 20:22:42.656  INFO 5752 --- [    Test worker] c.e.s.domain.posts.PostsRepositoryTest   : Starting PostsRepositoryTest using Java 11.0.11 on DESKTOP-PAEG6P6 with PID 5752 (started by Yoon in C:\Users\Yoon\Desktop\Spring\spring-boot-webservice)
2021-08-22 20:22:42.658  INFO 5752 --- [    Test worker] c.e.s.domain.posts.PostsRepositoryTest   : No active profile set, falling back to default profiles: default
2021-08-22 20:22:43.158  INFO 5752 --- [    Test worker] .s.d.r.c.RepositoryConfigurationDelegate : Bootstrapping Spring Data JPA repositories in DEFAULT mode.
2021-08-22 20:22:43.202  INFO 5752 --- [    Test worker] .s.d.r.c.RepositoryConfigurationDelegate : Finished Spring Data repository scanning in 39 ms. Found 2 JPA repository interfaces.
2021-08-22 20:22:43.529  INFO 5752 --- [    Test worker] com.zaxxer.hikari.HikariDataSource       : HikariPool-1 - Starting...
2021-08-22 20:22:43.661  INFO 5752 --- [    Test worker] com.zaxxer.hikari.HikariDataSource       : HikariPool-1 - Start completed.
2021-08-22 20:22:43.827  INFO 5752 --- [    Test worker] o.hibernate.jpa.internal.util.LogHelper  : HHH000204: Processing PersistenceUnitInfo [name: default]
2021-08-22 20:22:43.880  INFO 5752 --- [    Test worker] org.hibernate.Version                    : HHH000412: Hibernate ORM core version 5.4.32.Final
2021-08-22 20:22:44.014  INFO 5752 --- [    Test worker] o.hibernate.annotations.common.Version   : HCANN000001: Hibernate Commons Annotations {5.1.2.Final}
2021-08-22 20:22:44.134  INFO 5752 --- [    Test worker] org.hibernate.dialect.Dialect            : HHH000400: Using dialect: org.hibernate.dialect.H2Dialect
Hibernate: drop table if exists posts CASCADE 
Hibernate: drop table if exists user CASCADE 
Hibernate: create table posts (id bigint generated by default as identity, created_date timestamp, modified_date timestamp, author varchar(255), content TEXT not null, title varchar(500) not null, primary key (id))
Hibernate: create table user (id bigint generated by default as identity, email varchar(255) not null, name varchar(255) not null, picture varchar(255), role varchar(255) not null, primary key (id))
2021-08-22 20:22:44.594  INFO 5752 --- [    Test worker] o.h.e.t.j.p.i.JtaPlatformInitiator       : HHH000490: Using JtaPlatform implementation: [org.hibernate.engine.transaction.jta.platform.internal.NoJtaPlatform]
2021-08-22 20:22:44.601  INFO 5752 --- [    Test worker] j.LocalContainerEntityManagerFactoryBean : Initialized JPA EntityManagerFactory for persistence unit 'default'
2021-08-22 20:22:44.961  WARN 5752 --- [    Test worker] JpaBaseConfiguration$JpaWebConfiguration : spring.jpa.open-in-view is enabled by default. Therefore, database queries may be performed during view rendering. Explicitly configure spring.jpa.open-in-view to disable this warning
2021-08-22 20:22:45.312  INFO 5752 --- [    Test worker] o.s.s.web.DefaultSecurityFilterChain     : Will secure any request with [org.springframework.security.web.context.request.async.WebAsyncManagerIntegrationFilter@5e66bccb, org.springframework.security.web.context.SecurityContextPersistenceFilter@129e00b2, org.springframework.security.web.header.HeaderWriterFilter@73a42147, org.springframework.security.web.authentication.logout.LogoutFilter@25a07c6a, org.springframework.security.oauth2.client.web.OAuth2AuthorizationRequestRedirectFilter@798f239f, org.springframework.security.oauth2.client.web.OAuth2LoginAuthenticationFilter@78523ff5, org.springframework.security.web.authentication.ui.DefaultLoginPageGeneratingFilter@286348e4, org.springframework.security.web.authentication.ui.DefaultLogoutPageGeneratingFilter@53fb01c2, org.springframework.security.web.savedrequest.RequestCacheAwareFilter@6525b6cd, org.springframework.security.web.servletapi.SecurityContextHolderAwareRequestFilter@7ed47abc, org.springframework.security.web.authentication.AnonymousAuthenticationFilter@28f5a9db, org.springframework.security.web.session.SessionManagementFilter@1a9c6e7, org.springframework.security.web.access.ExceptionTranslationFilter@2af71c3b, org.springframework.security.web.access.intercept.FilterSecurityInterceptor@ac256e0]
2021-08-22 20:22:45.633  INFO 5752 --- [    Test worker] o.s.b.a.h2.H2ConsoleAutoConfiguration    : H2 console available at '/h2-console'. Database available at 'jdbc:h2:mem:dfcc568b-4344-4812-be0a-a4f54c04f562'
2021-08-22 20:22:45.674  INFO 5752 --- [    Test worker] o.s.b.a.w.s.WelcomePageHandlerMapping    : Adding welcome page template: index
2021-08-22 20:22:45.913  INFO 5752 --- [    Test worker] s.a.ScheduledAnnotationBeanPostProcessor : No TaskScheduler/ScheduledExecutorService bean found for scheduled processing
2021-08-22 20:22:45.920  INFO 5752 --- [    Test worker] c.e.s.domain.posts.PostsRepositoryTest   : Started PostsRepositoryTest in 3.469 seconds (JVM running for 4.312)
Hibernate: insert into posts (id, created_date, modified_date, author, content, title) values (null, ?, ?, ?, ?, ?)
Hibernate: select posts0_.id as id1_0_, posts0_.created_date as created_2_0_, posts0_.modified_date as modified3_0_, posts0_.author as author4_0_, posts0_.content as content5_0_, posts0_.title as title6_0_ from posts posts0_
>>>>>>>>>>>>>>>>>>>>>>>>>> createDate = 2021-08-22T20:22:46.015524, modifiedDate=2021-08-22T20:22:46.015524
Hibernate: select posts0_.id as id1_0_, posts0_.created_date as created_2_0_, posts0_.modified_date as modified3_0_, posts0_.author as author4_0_, posts0_.content as content5_0_, posts0_.title as title6_0_ from posts posts0_
Hibernate: delete from posts where id=?
Hibernate: insert into posts (id, created_date, modified_date, author, content, title) values (null, ?, ?, ?, ?, ?)
Hibernate: select posts0_.id as id1_0_, posts0_.created_date as created_2_0_, posts0_.modified_date as modified3_0_, posts0_.author as author4_0_, posts0_.content as content5_0_, posts0_.title as title6_0_ from posts posts0_
Hibernate: select posts0_.id as id1_0_, posts0_.created_date as created_2_0_, posts0_.modified_date as modified3_0_, posts0_.author as author4_0_, posts0_.content as content5_0_, posts0_.title as title6_0_ from posts posts0_
Hibernate: delete from posts where id=?
]]></system-out>
  <system-err><![CDATA[]]></system-err>
</testsuite>
