<?xml version="1.0" encoding="UTF-8"?>
<testsuite name="com.example.springbootwebservice.domain.posts.PostsRepositoryTest" tests="2" skipped="0" failures="0" errors="0" timestamp="2021-08-21T12:39:13" hostname="DESKTOP-PAEG6P6" time="0.142">
  <properties/>
  <testcase name="BaseTimeEntity_register()" classname="com.example.springbootwebservice.domain.posts.PostsRepositoryTest" time="0.136"/>
  <testcase name="getPost()" classname="com.example.springbootwebservice.domain.posts.PostsRepositoryTest" time="0.006"/>
  <system-out><![CDATA[2021-08-21 21:39:11.006  INFO 15320 --- [    Test worker] .b.t.c.SpringBootTestContextBootstrapper : Neither @ContextConfiguration nor @ContextHierarchy found for test class [com.example.springbootwebservice.domain.posts.PostsRepositoryTest], using SpringBootContextLoader
2021-08-21 21:39:11.007  INFO 15320 --- [    Test worker] o.s.t.c.support.AbstractContextLoader    : Could not detect default resource locations for test class [com.example.springbootwebservice.domain.posts.PostsRepositoryTest]: no resource found for suffixes {-context.xml, Context.groovy}.
2021-08-21 21:39:11.007  INFO 15320 --- [    Test worker] t.c.s.AnnotationConfigContextLoaderUtils : Could not detect default configuration classes for test class [com.example.springbootwebservice.domain.posts.PostsRepositoryTest]: PostsRepositoryTest does not declare any static, non-private, non-final, nested classes annotated with @Configuration.
2021-08-21 21:39:11.013  INFO 15320 --- [    Test worker] .b.t.c.SpringBootTestContextBootstrapper : Found @SpringBootConfiguration com.example.springbootwebservice.SpringBootWebserviceApplication for test class com.example.springbootwebservice.domain.posts.PostsRepositoryTest
2021-08-21 21:39:11.022  INFO 15320 --- [    Test worker] .b.t.c.SpringBootTestContextBootstrapper : Loaded default TestExecutionListener class names from location [META-INF/spring.factories]: [org.springframework.security.test.context.support.WithSecurityContextTestExecutionListener, org.springframework.security.test.context.support.ReactorContextTestExecutionListener, org.springframework.boot.test.autoconfigure.restdocs.RestDocsTestExecutionListener, org.springframework.boot.test.autoconfigure.web.client.MockRestServiceServerResetTestExecutionListener, org.springframework.boot.test.autoconfigure.web.servlet.MockMvcPrintOnlyOnFailureTestExecutionListener, org.springframework.boot.test.autoconfigure.web.servlet.WebDriverTestExecutionListener, org.springframework.boot.test.autoconfigure.webservices.client.MockWebServiceServerTestExecutionListener, org.springframework.boot.test.mock.mockito.MockitoTestExecutionListener, org.springframework.boot.test.mock.mockito.ResetMocksTestExecutionListener, org.springframework.test.context.web.ServletTestExecutionListener, org.springframework.test.context.support.DirtiesContextBeforeModesTestExecutionListener, org.springframework.test.context.event.ApplicationEventsTestExecutionListener, org.springframework.test.context.support.DependencyInjectionTestExecutionListener, org.springframework.test.context.support.DirtiesContextTestExecutionListener, org.springframework.test.context.transaction.TransactionalTestExecutionListener, org.springframework.test.context.jdbc.SqlScriptsTestExecutionListener, org.springframework.test.context.event.EventPublishingTestExecutionListener]
2021-08-21 21:39:11.023  INFO 15320 --- [    Test worker] .b.t.c.SpringBootTestContextBootstrapper : Using TestExecutionListeners: [org.springframework.test.context.web.ServletTestExecutionListener@3ad7c25e, org.springframework.test.context.support.DirtiesContextBeforeModesTestExecutionListener@27cb2642, org.springframework.test.context.event.ApplicationEventsTestExecutionListener@5d0ebaf2, org.springframework.boot.test.mock.mockito.MockitoTestExecutionListener@539d7007, org.springframework.boot.test.autoconfigure.SpringBootDependencyInjectionTestExecutionListener@57dc9d18, org.springframework.test.context.support.DirtiesContextTestExecutionListener@29db5897, org.springframework.test.context.transaction.TransactionalTestExecutionListener@12abe74, org.springframework.test.context.jdbc.SqlScriptsTestExecutionListener@390ffb1e, org.springframework.security.test.context.support.WithSecurityContextTestExecutionListener@a88857a, org.springframework.test.context.event.EventPublishingTestExecutionListener@79e47b5c, org.springframework.security.test.context.support.ReactorContextTestExecutionListener@2de9b30a, org.springframework.boot.test.autoconfigure.restdocs.RestDocsTestExecutionListener@6bf87aa2, org.springframework.boot.test.autoconfigure.web.client.MockRestServiceServerResetTestExecutionListener@251581f2, org.springframework.boot.test.autoconfigure.web.servlet.MockMvcPrintOnlyOnFailureTestExecutionListener@7f712097, org.springframework.boot.test.autoconfigure.web.servlet.WebDriverTestExecutionListener@1fe0bd90, org.springframework.boot.test.autoconfigure.webservices.client.MockWebServiceServerTestExecutionListener@3765e9a4, org.springframework.boot.test.mock.mockito.ResetMocksTestExecutionListener@3ef6e4ab]

  .   ____          _            __ _ _
 /\\ / ___'_ __ _ _(_)_ __  __ _ \ \ \ \
( ( )\___ | '_ | '_| | '_ \/ _` | \ \ \ \
 \\/  ___)| |_)| | | | | || (_| |  ) ) ) )
  '  |____| .__|_| |_|_| |_\__, | / / / /
 =========|_|==============|___/=/_/_/_/
 :: Spring Boot ::                (v2.5.3)

2021-08-21 21:39:11.042  INFO 15320 --- [    Test worker] c.e.s.domain.posts.PostsRepositoryTest   : Starting PostsRepositoryTest using Java 11.0.11 on DESKTOP-PAEG6P6 with PID 15320 (started by Yoon in C:\Users\Yoon\Desktop\Spring\spring-boot-webservice)
2021-08-21 21:39:11.042  INFO 15320 --- [    Test worker] c.e.s.domain.posts.PostsRepositoryTest   : No active profile set, falling back to default profiles: default
2021-08-21 21:39:11.305  INFO 15320 --- [    Test worker] .s.d.r.c.RepositoryConfigurationDelegate : Bootstrapping Spring Data JPA repositories in DEFAULT mode.
2021-08-21 21:39:11.343  INFO 15320 --- [    Test worker] .s.d.r.c.RepositoryConfigurationDelegate : Finished Spring Data repository scanning in 34 ms. Found 2 JPA repository interfaces.
2021-08-21 21:39:11.529  INFO 15320 --- [    Test worker] com.zaxxer.hikari.HikariDataSource       : HikariPool-1 - Starting...
2021-08-21 21:39:11.661  INFO 15320 --- [    Test worker] com.zaxxer.hikari.HikariDataSource       : HikariPool-1 - Start completed.
2021-08-21 21:39:11.798  INFO 15320 --- [    Test worker] o.hibernate.jpa.internal.util.LogHelper  : HHH000204: Processing PersistenceUnitInfo [name: default]
2021-08-21 21:39:11.843  INFO 15320 --- [    Test worker] org.hibernate.Version                    : HHH000412: Hibernate ORM core version 5.4.32.Final
2021-08-21 21:39:11.883  INFO 15320 --- [    Test worker] o.hibernate.annotations.common.Version   : HCANN000001: Hibernate Commons Annotations {5.1.2.Final}
2021-08-21 21:39:11.993  INFO 15320 --- [    Test worker] org.hibernate.dialect.Dialect            : HHH000400: Using dialect: org.hibernate.dialect.H2Dialect
Hibernate: drop table if exists posts CASCADE 
Hibernate: drop table if exists user CASCADE 
Hibernate: create table posts (id bigint generated by default as identity, created_date timestamp, modified_date timestamp, author varchar(255), content TEXT not null, title varchar(500) not null, primary key (id))
Hibernate: create table user (id bigint generated by default as identity, email varchar(255) not null, name varchar(255) not null, picture varchar(255), role varchar(255) not null, primary key (id))
2021-08-21 21:39:12.351  INFO 15320 --- [    Test worker] o.h.e.t.j.p.i.JtaPlatformInitiator       : HHH000490: Using JtaPlatform implementation: [org.hibernate.engine.transaction.jta.platform.internal.NoJtaPlatform]
2021-08-21 21:39:12.357  INFO 15320 --- [    Test worker] j.LocalContainerEntityManagerFactoryBean : Initialized JPA EntityManagerFactory for persistence unit 'default'
2021-08-21 21:39:12.632  WARN 15320 --- [    Test worker] JpaBaseConfiguration$JpaWebConfiguration : spring.jpa.open-in-view is enabled by default. Therefore, database queries may be performed during view rendering. Explicitly configure spring.jpa.open-in-view to disable this warning
2021-08-21 21:39:12.868  INFO 15320 --- [    Test worker] o.s.s.web.DefaultSecurityFilterChain     : Will secure any request with [org.springframework.security.web.context.request.async.WebAsyncManagerIntegrationFilter@1919a3e1, org.springframework.security.web.context.SecurityContextPersistenceFilter@1d26060d, org.springframework.security.web.header.HeaderWriterFilter@27d1a9cd, org.springframework.security.web.authentication.logout.LogoutFilter@48fce716, org.springframework.security.oauth2.client.web.OAuth2AuthorizationRequestRedirectFilter@57c57b7e, org.springframework.security.oauth2.client.web.OAuth2LoginAuthenticationFilter@667bf354, org.springframework.security.web.authentication.ui.DefaultLoginPageGeneratingFilter@8be134a, org.springframework.security.web.authentication.ui.DefaultLogoutPageGeneratingFilter@20844edd, org.springframework.security.web.savedrequest.RequestCacheAwareFilter@2c383585, org.springframework.security.web.servletapi.SecurityContextHolderAwareRequestFilter@68d6e0e, org.springframework.security.web.authentication.AnonymousAuthenticationFilter@5ce6df38, org.springframework.security.web.session.SessionManagementFilter@517be8d5, org.springframework.security.web.access.ExceptionTranslationFilter@5168733, org.springframework.security.web.access.intercept.FilterSecurityInterceptor@eb6e255]
2021-08-21 21:39:13.022  INFO 15320 --- [    Test worker] o.s.b.a.h2.H2ConsoleAutoConfiguration    : H2 console available at '/h2-console'. Database available at 'jdbc:h2:mem:4c4d8cab-713c-41e1-99ba-7b0b506cb92c'
2021-08-21 21:39:13.039  INFO 15320 --- [    Test worker] o.s.b.a.w.s.WelcomePageHandlerMapping    : Adding welcome page template: index
2021-08-21 21:39:13.232  INFO 15320 --- [    Test worker] s.a.ScheduledAnnotationBeanPostProcessor : No TaskScheduler/ScheduledExecutorService bean found for scheduled processing
2021-08-21 21:39:13.237  INFO 15320 --- [    Test worker] c.e.s.domain.posts.PostsRepositoryTest   : Started PostsRepositoryTest in 2.213 seconds (JVM running for 4.859)
Hibernate: insert into posts (id, created_date, modified_date, author, content, title) values (null, ?, ?, ?, ?, ?)
Hibernate: select posts0_.id as id1_0_, posts0_.created_date as created_2_0_, posts0_.modified_date as modified3_0_, posts0_.author as author4_0_, posts0_.content as content5_0_, posts0_.title as title6_0_ from posts posts0_
>>>>>>>>>>>>>>>>>>>>>>>>>> createDate = 2021-08-21T21:39:13.265592, modifiedDate=2021-08-21T21:39:13.265592
Hibernate: select posts0_.id as id1_0_, posts0_.created_date as created_2_0_, posts0_.modified_date as modified3_0_, posts0_.author as author4_0_, posts0_.content as content5_0_, posts0_.title as title6_0_ from posts posts0_
Hibernate: delete from posts where id=?
Hibernate: insert into posts (id, created_date, modified_date, author, content, title) values (null, ?, ?, ?, ?, ?)
Hibernate: select posts0_.id as id1_0_, posts0_.created_date as created_2_0_, posts0_.modified_date as modified3_0_, posts0_.author as author4_0_, posts0_.content as content5_0_, posts0_.title as title6_0_ from posts posts0_
Hibernate: select posts0_.id as id1_0_, posts0_.created_date as created_2_0_, posts0_.modified_date as modified3_0_, posts0_.author as author4_0_, posts0_.content as content5_0_, posts0_.title as title6_0_ from posts posts0_
Hibernate: delete from posts where id=?
]]></system-out>
  <system-err><![CDATA[]]></system-err>
</testsuite>
