<?xml version="1.0" encoding="UTF-8"?>
<testsuite name="com.example.springbootwebservice.web.IndexControllerTest" tests="1" skipped="0" failures="0" errors="0" timestamp="2021-08-22T11:54:21" hostname="DESKTOP-PAEG6P6" time="0.119">
  <properties/>
  <testcase name="mainPageTest()" classname="com.example.springbootwebservice.web.IndexControllerTest" time="0.119"/>
  <system-out><![CDATA[2021-08-22 20:54:20.415  INFO 16108 --- [    Test worker] .b.t.c.SpringBootTestContextBootstrapper : Neither @ContextConfiguration nor @ContextHierarchy found for test class [com.example.springbootwebservice.web.IndexControllerTest], using SpringBootContextLoader
2021-08-22 20:54:20.416  INFO 16108 --- [    Test worker] o.s.t.c.support.AbstractContextLoader    : Could not detect default resource locations for test class [com.example.springbootwebservice.web.IndexControllerTest]: no resource found for suffixes {-context.xml, Context.groovy}.
2021-08-22 20:54:20.416  INFO 16108 --- [    Test worker] t.c.s.AnnotationConfigContextLoaderUtils : Could not detect default configuration classes for test class [com.example.springbootwebservice.web.IndexControllerTest]: IndexControllerTest does not declare any static, non-private, non-final, nested classes annotated with @Configuration.
2021-08-22 20:54:20.418  INFO 16108 --- [    Test worker] .b.t.c.SpringBootTestContextBootstrapper : Found @SpringBootConfiguration com.example.springbootwebservice.SpringBootWebserviceApplication for test class com.example.springbootwebservice.web.IndexControllerTest
2021-08-22 20:54:20.418  INFO 16108 --- [    Test worker] .b.t.c.SpringBootTestContextBootstrapper : Loaded default TestExecutionListener class names from location [META-INF/spring.factories]: [org.springframework.security.test.context.support.WithSecurityContextTestExecutionListener, org.springframework.security.test.context.support.ReactorContextTestExecutionListener, org.springframework.boot.test.autoconfigure.restdocs.RestDocsTestExecutionListener, org.springframework.boot.test.autoconfigure.web.client.MockRestServiceServerResetTestExecutionListener, org.springframework.boot.test.autoconfigure.web.servlet.MockMvcPrintOnlyOnFailureTestExecutionListener, org.springframework.boot.test.autoconfigure.web.servlet.WebDriverTestExecutionListener, org.springframework.boot.test.autoconfigure.webservices.client.MockWebServiceServerTestExecutionListener, org.springframework.boot.test.mock.mockito.MockitoTestExecutionListener, org.springframework.boot.test.mock.mockito.ResetMocksTestExecutionListener, org.springframework.test.context.web.ServletTestExecutionListener, org.springframework.test.context.support.DirtiesContextBeforeModesTestExecutionListener, org.springframework.test.context.event.ApplicationEventsTestExecutionListener, org.springframework.test.context.support.DependencyInjectionTestExecutionListener, org.springframework.test.context.support.DirtiesContextTestExecutionListener, org.springframework.test.context.transaction.TransactionalTestExecutionListener, org.springframework.test.context.jdbc.SqlScriptsTestExecutionListener, org.springframework.test.context.event.EventPublishingTestExecutionListener]
2021-08-22 20:54:20.419  INFO 16108 --- [    Test worker] .b.t.c.SpringBootTestContextBootstrapper : Using TestExecutionListeners: [org.springframework.test.context.web.ServletTestExecutionListener@92e4fa8, org.springframework.test.context.support.DirtiesContextBeforeModesTestExecutionListener@4763fb2f, org.springframework.test.context.event.ApplicationEventsTestExecutionListener@34228683, org.springframework.boot.test.mock.mockito.MockitoTestExecutionListener@327ab007, org.springframework.boot.test.autoconfigure.SpringBootDependencyInjectionTestExecutionListener@4952eaef, org.springframework.test.context.support.DirtiesContextTestExecutionListener@11b0da69, org.springframework.test.context.transaction.TransactionalTestExecutionListener@31865042, org.springframework.test.context.jdbc.SqlScriptsTestExecutionListener@569b24fd, org.springframework.security.test.context.support.WithSecurityContextTestExecutionListener@840a953, org.springframework.test.context.event.EventPublishingTestExecutionListener@1fb459a0, org.springframework.security.test.context.support.ReactorContextTestExecutionListener@1cb30e54, org.springframework.boot.test.autoconfigure.restdocs.RestDocsTestExecutionListener@13006df3, org.springframework.boot.test.autoconfigure.web.client.MockRestServiceServerResetTestExecutionListener@1e0744f1, org.springframework.boot.test.autoconfigure.web.servlet.MockMvcPrintOnlyOnFailureTestExecutionListener@234377c8, org.springframework.boot.test.autoconfigure.web.servlet.WebDriverTestExecutionListener@27860c5a, org.springframework.boot.test.autoconfigure.webservices.client.MockWebServiceServerTestExecutionListener@377982ac, org.springframework.boot.test.mock.mockito.ResetMocksTestExecutionListener@13fd687e]

  .   ____          _            __ _ _
 /\\ / ___'_ __ _ _(_)_ __  __ _ \ \ \ \
( ( )\___ | '_ | '_| | '_ \/ _` | \ \ \ \
 \\/  ___)| |_)| | | | | || (_| |  ) ) ) )
  '  |____| .__|_| |_|_| |_\__, | / / / /
 =========|_|==============|___/=/_/_/_/
 :: Spring Boot ::                (v2.5.3)

2021-08-22 20:54:20.438  INFO 16108 --- [    Test worker] c.e.s.web.IndexControllerTest            : Starting IndexControllerTest using Java 11.0.11 on DESKTOP-PAEG6P6 with PID 16108 (started by Yoon in C:\Users\Yoon\Desktop\Spring\spring-boot-webservice)
2021-08-22 20:54:20.438  INFO 16108 --- [    Test worker] c.e.s.web.IndexControllerTest            : No active profile set, falling back to default profiles: default
2021-08-22 20:54:20.567  INFO 16108 --- [    Test worker] .s.d.r.c.RepositoryConfigurationDelegate : Bootstrapping Spring Data JPA repositories in DEFAULT mode.
2021-08-22 20:54:20.581  INFO 16108 --- [    Test worker] .s.d.r.c.RepositoryConfigurationDelegate : Finished Spring Data repository scanning in 13 ms. Found 2 JPA repository interfaces.
2021-08-22 20:54:20.766  INFO 16108 --- [    Test worker] o.s.b.w.embedded.tomcat.TomcatWebServer  : Tomcat initialized with port(s): 0 (http)
2021-08-22 20:54:20.776  INFO 16108 --- [    Test worker] o.apache.catalina.core.StandardService   : Starting service [Tomcat]
2021-08-22 20:54:20.776  INFO 16108 --- [    Test worker] org.apache.catalina.core.StandardEngine  : Starting Servlet engine: [Apache Tomcat/9.0.50]
2021-08-22 20:54:20.872  INFO 16108 --- [    Test worker] o.a.c.c.C.[Tomcat].[localhost].[/]       : Initializing Spring embedded WebApplicationContext
2021-08-22 20:54:20.872  INFO 16108 --- [    Test worker] w.s.c.ServletWebServerApplicationContext : Root WebApplicationContext: initialization completed in 431 ms
2021-08-22 20:54:20.888  INFO 16108 --- [    Test worker] com.zaxxer.hikari.HikariDataSource       : HikariPool-2 - Starting...
2021-08-22 20:54:20.891  INFO 16108 --- [    Test worker] com.zaxxer.hikari.HikariDataSource       : HikariPool-2 - Start completed.
2021-08-22 20:54:20.891  INFO 16108 --- [    Test worker] o.s.b.a.h2.H2ConsoleAutoConfiguration    : H2 console available at '/h2-console'. Database available at 'jdbc:h2:mem:6ee3df54-f516-4d1e-b470-ee2d6b4bf9cf'
2021-08-22 20:54:20.974  INFO 16108 --- [    Test worker] o.hibernate.jpa.internal.util.LogHelper  : HHH000204: Processing PersistenceUnitInfo [name: default]
2021-08-22 20:54:20.981  INFO 16108 --- [    Test worker] org.hibernate.dialect.Dialect            : HHH000400: Using dialect: org.hibernate.dialect.H2Dialect
Hibernate: drop table if exists posts CASCADE 
Hibernate: drop table if exists user CASCADE 
Hibernate: create table posts (id bigint generated by default as identity, created_date timestamp, modified_date timestamp, author varchar(255), content TEXT not null, title varchar(500) not null, primary key (id))
Hibernate: create table user (id bigint generated by default as identity, email varchar(255) not null, name varchar(255) not null, picture varchar(255), role varchar(255) not null, primary key (id))
2021-08-22 20:54:21.016  INFO 16108 --- [    Test worker] o.h.e.t.j.p.i.JtaPlatformInitiator       : HHH000490: Using JtaPlatform implementation: [org.hibernate.engine.transaction.jta.platform.internal.NoJtaPlatform]
2021-08-22 20:54:21.016  INFO 16108 --- [    Test worker] j.LocalContainerEntityManagerFactoryBean : Initialized JPA EntityManagerFactory for persistence unit 'default'
2021-08-22 20:54:21.151  WARN 16108 --- [    Test worker] JpaBaseConfiguration$JpaWebConfiguration : spring.jpa.open-in-view is enabled by default. Therefore, database queries may be performed during view rendering. Explicitly configure spring.jpa.open-in-view to disable this warning
2021-08-22 20:54:21.253  INFO 16108 --- [    Test worker] o.s.s.web.DefaultSecurityFilterChain     : Will secure any request with [org.springframework.security.web.context.request.async.WebAsyncManagerIntegrationFilter@1c1c3048, org.springframework.security.web.context.SecurityContextPersistenceFilter@230b65b3, org.springframework.security.web.header.HeaderWriterFilter@7d81581e, org.springframework.security.web.authentication.logout.LogoutFilter@4ca3e744, org.springframework.security.oauth2.client.web.OAuth2AuthorizationRequestRedirectFilter@78eafb54, org.springframework.security.oauth2.client.web.OAuth2LoginAuthenticationFilter@641c60c5, org.springframework.security.web.authentication.ui.DefaultLoginPageGeneratingFilter@7ca3d20b, org.springframework.security.web.authentication.ui.DefaultLogoutPageGeneratingFilter@1ee2808b, org.springframework.security.web.savedrequest.RequestCacheAwareFilter@246d9f7d, org.springframework.security.web.servletapi.SecurityContextHolderAwareRequestFilter@535b6246, org.springframework.security.web.authentication.AnonymousAuthenticationFilter@317de858, org.springframework.security.web.session.SessionManagementFilter@667925db, org.springframework.security.web.access.ExceptionTranslationFilter@631c9fb0, org.springframework.security.web.access.intercept.FilterSecurityInterceptor@340279f]
2021-08-22 20:54:21.327  INFO 16108 --- [    Test worker] o.s.b.a.w.s.WelcomePageHandlerMapping    : Adding welcome page template: index
2021-08-22 20:54:21.439  INFO 16108 --- [    Test worker] o.s.b.w.embedded.tomcat.TomcatWebServer  : Tomcat started on port(s): 57752 (http) with context path ''
2021-08-22 20:54:21.441  INFO 16108 --- [    Test worker] s.a.ScheduledAnnotationBeanPostProcessor : No TaskScheduler/ScheduledExecutorService bean found for scheduled processing
2021-08-22 20:54:21.442  INFO 16108 --- [    Test worker] c.e.s.web.IndexControllerTest            : Started IndexControllerTest in 1.021 seconds (JVM running for 6.269)
2021-08-22 20:54:21.505  INFO 16108 --- [o-auto-1-exec-1] o.a.c.c.C.[Tomcat].[localhost].[/]       : Initializing Spring DispatcherServlet 'dispatcherServlet'
2021-08-22 20:54:21.506  INFO 16108 --- [o-auto-1-exec-1] o.s.web.servlet.DispatcherServlet        : Initializing Servlet 'dispatcherServlet'
2021-08-22 20:54:21.507  INFO 16108 --- [o-auto-1-exec-1] o.s.web.servlet.DispatcherServlet        : Completed initialization in 1 ms
Hibernate: select posts0_.id as id1_0_, posts0_.created_date as created_2_0_, posts0_.modified_date as modified3_0_, posts0_.author as author4_0_, posts0_.content as content5_0_, posts0_.title as title6_0_ from posts posts0_ order by posts0_.id DESC
]]></system-out>
  <system-err><![CDATA[]]></system-err>
</testsuite>
