<?xml version="1.0" encoding="UTF-8"?>
<testsuite name="com.example.springbootwebservice.SpringBootWebserviceApplicationTests" tests="1" skipped="0" failures="0" errors="0" timestamp="2021-08-22T11:22:46" hostname="DESKTOP-PAEG6P6" time="0.002">
  <properties/>
  <testcase name="contextLoads()" classname="com.example.springbootwebservice.SpringBootWebserviceApplicationTests" time="0.002"/>
  <system-out><![CDATA[2021-08-22 20:22:46.126  INFO 5752 --- [    Test worker] .b.t.c.SpringBootTestContextBootstrapper : Neither @ContextConfiguration nor @ContextHierarchy found for test class [com.example.springbootwebservice.SpringBootWebserviceApplicationTests], using SpringBootContextLoader
2021-08-22 20:22:46.127  INFO 5752 --- [    Test worker] o.s.t.c.support.AbstractContextLoader    : Could not detect default resource locations for test class [com.example.springbootwebservice.SpringBootWebserviceApplicationTests]: no resource found for suffixes {-context.xml, Context.groovy}.
2021-08-22 20:22:46.127  INFO 5752 --- [    Test worker] t.c.s.AnnotationConfigContextLoaderUtils : Could not detect default configuration classes for test class [com.example.springbootwebservice.SpringBootWebserviceApplicationTests]: SpringBootWebserviceApplicationTests does not declare any static, non-private, non-final, nested classes annotated with @Configuration.
2021-08-22 20:22:46.130  INFO 5752 --- [    Test worker] .b.t.c.SpringBootTestContextBootstrapper : Found @SpringBootConfiguration com.example.springbootwebservice.SpringBootWebserviceApplication for test class com.example.springbootwebservice.SpringBootWebserviceApplicationTests
2021-08-22 20:22:46.131  INFO 5752 --- [    Test worker] .b.t.c.SpringBootTestContextBootstrapper : Loaded default TestExecutionListener class names from location [META-INF/spring.factories]: [org.springframework.security.test.context.support.WithSecurityContextTestExecutionListener, org.springframework.security.test.context.support.ReactorContextTestExecutionListener, org.springframework.boot.test.autoconfigure.restdocs.RestDocsTestExecutionListener, org.springframework.boot.test.autoconfigure.web.client.MockRestServiceServerResetTestExecutionListener, org.springframework.boot.test.autoconfigure.web.servlet.MockMvcPrintOnlyOnFailureTestExecutionListener, org.springframework.boot.test.autoconfigure.web.servlet.WebDriverTestExecutionListener, org.springframework.boot.test.autoconfigure.webservices.client.MockWebServiceServerTestExecutionListener, org.springframework.boot.test.mock.mockito.MockitoTestExecutionListener, org.springframework.boot.test.mock.mockito.ResetMocksTestExecutionListener, org.springframework.test.context.web.ServletTestExecutionListener, org.springframework.test.context.support.DirtiesContextBeforeModesTestExecutionListener, org.springframework.test.context.event.ApplicationEventsTestExecutionListener, org.springframework.test.context.support.DependencyInjectionTestExecutionListener, org.springframework.test.context.support.DirtiesContextTestExecutionListener, org.springframework.test.context.transaction.TransactionalTestExecutionListener, org.springframework.test.context.jdbc.SqlScriptsTestExecutionListener, org.springframework.test.context.event.EventPublishingTestExecutionListener]
2021-08-22 20:22:46.131  INFO 5752 --- [    Test worker] .b.t.c.SpringBootTestContextBootstrapper : Using TestExecutionListeners: [org.springframework.test.context.web.ServletTestExecutionListener@31010e11, org.springframework.test.context.support.DirtiesContextBeforeModesTestExecutionListener@29204a7f, org.springframework.test.context.event.ApplicationEventsTestExecutionListener@51168645, org.springframework.boot.test.mock.mockito.MockitoTestExecutionListener@76d2753c, org.springframework.boot.test.autoconfigure.SpringBootDependencyInjectionTestExecutionListener@4f1a9c71, org.springframework.test.context.support.DirtiesContextTestExecutionListener@6442545f, org.springframework.test.context.transaction.TransactionalTestExecutionListener@183d23c, org.springframework.test.context.jdbc.SqlScriptsTestExecutionListener@649d2ca5, org.springframework.security.test.context.support.WithSecurityContextTestExecutionListener@7fffdd53, org.springframework.test.context.event.EventPublishingTestExecutionListener@9699e5f, org.springframework.security.test.context.support.ReactorContextTestExecutionListener@16e4bf7c, org.springframework.boot.test.autoconfigure.restdocs.RestDocsTestExecutionListener@1b115101, org.springframework.boot.test.autoconfigure.web.client.MockRestServiceServerResetTestExecutionListener@1a851275, org.springframework.boot.test.autoconfigure.web.servlet.MockMvcPrintOnlyOnFailureTestExecutionListener@5f5bec1c, org.springframework.boot.test.autoconfigure.web.servlet.WebDriverTestExecutionListener@6cf7a7d4, org.springframework.boot.test.autoconfigure.webservices.client.MockWebServiceServerTestExecutionListener@7d7f7a12, org.springframework.boot.test.mock.mockito.ResetMocksTestExecutionListener@4f5bc972]
]]></system-out>
  <system-err><![CDATA[]]></system-err>
</testsuite>
