<?xml version="1.0" encoding="UTF-8"?>
<testsuite name="com.example.springbootwebservice.web.IndexControllerTest" tests="1" skipped="0" failures="0" errors="0" timestamp="2021-08-21T12:39:14" hostname="DESKTOP-PAEG6P6" time="0.119">
  <properties/>
  <testcase name="mainPageTest()" classname="com.example.springbootwebservice.web.IndexControllerTest" time="0.119"/>
  <system-out><![CDATA[2021-08-21 21:39:13.395  INFO 15320 --- [    Test worker] .b.t.c.SpringBootTestContextBootstrapper : Neither @ContextConfiguration nor @ContextHierarchy found for test class [com.example.springbootwebservice.web.IndexControllerTest], using SpringBootContextLoader
2021-08-21 21:39:13.396  INFO 15320 --- [    Test worker] o.s.t.c.support.AbstractContextLoader    : Could not detect default resource locations for test class [com.example.springbootwebservice.web.IndexControllerTest]: no resource found for suffixes {-context.xml, Context.groovy}.
2021-08-21 21:39:13.396  INFO 15320 --- [    Test worker] t.c.s.AnnotationConfigContextLoaderUtils : Could not detect default configuration classes for test class [com.example.springbootwebservice.web.IndexControllerTest]: IndexControllerTest does not declare any static, non-private, non-final, nested classes annotated with @Configuration.
2021-08-21 21:39:13.397  INFO 15320 --- [    Test worker] .b.t.c.SpringBootTestContextBootstrapper : Found @SpringBootConfiguration com.example.springbootwebservice.SpringBootWebserviceApplication for test class com.example.springbootwebservice.web.IndexControllerTest
2021-08-21 21:39:13.398  INFO 15320 --- [    Test worker] .b.t.c.SpringBootTestContextBootstrapper : Loaded default TestExecutionListener class names from location [META-INF/spring.factories]: [org.springframework.security.test.context.support.WithSecurityContextTestExecutionListener, org.springframework.security.test.context.support.ReactorContextTestExecutionListener, org.springframework.boot.test.autoconfigure.restdocs.RestDocsTestExecutionListener, org.springframework.boot.test.autoconfigure.web.client.MockRestServiceServerResetTestExecutionListener, org.springframework.boot.test.autoconfigure.web.servlet.MockMvcPrintOnlyOnFailureTestExecutionListener, org.springframework.boot.test.autoconfigure.web.servlet.WebDriverTestExecutionListener, org.springframework.boot.test.autoconfigure.webservices.client.MockWebServiceServerTestExecutionListener, org.springframework.boot.test.mock.mockito.MockitoTestExecutionListener, org.springframework.boot.test.mock.mockito.ResetMocksTestExecutionListener, org.springframework.test.context.web.ServletTestExecutionListener, org.springframework.test.context.support.DirtiesContextBeforeModesTestExecutionListener, org.springframework.test.context.event.ApplicationEventsTestExecutionListener, org.springframework.test.context.support.DependencyInjectionTestExecutionListener, org.springframework.test.context.support.DirtiesContextTestExecutionListener, org.springframework.test.context.transaction.TransactionalTestExecutionListener, org.springframework.test.context.jdbc.SqlScriptsTestExecutionListener, org.springframework.test.context.event.EventPublishingTestExecutionListener]
2021-08-21 21:39:13.398  INFO 15320 --- [    Test worker] .b.t.c.SpringBootTestContextBootstrapper : Using TestExecutionListeners: [org.springframework.test.context.web.ServletTestExecutionListener@363f780a, org.springframework.test.context.support.DirtiesContextBeforeModesTestExecutionListener@41c6f93c, org.springframework.test.context.event.ApplicationEventsTestExecutionListener@344c718a, org.springframework.boot.test.mock.mockito.MockitoTestExecutionListener@4a5d8c3c, org.springframework.boot.test.autoconfigure.SpringBootDependencyInjectionTestExecutionListener@76f4255, org.springframework.test.context.support.DirtiesContextTestExecutionListener@7196549d, org.springframework.test.context.transaction.TransactionalTestExecutionListener@2601ab04, org.springframework.test.context.jdbc.SqlScriptsTestExecutionListener@1bef94, org.springframework.security.test.context.support.WithSecurityContextTestExecutionListener@7d1b6828, org.springframework.test.context.event.EventPublishingTestExecutionListener@3e6af9aa, org.springframework.security.test.context.support.ReactorContextTestExecutionListener@15983ce8, org.springframework.boot.test.autoconfigure.restdocs.RestDocsTestExecutionListener@4aa01680, org.springframework.boot.test.autoconfigure.web.client.MockRestServiceServerResetTestExecutionListener@6cdc6dd4, org.springframework.boot.test.autoconfigure.web.servlet.MockMvcPrintOnlyOnFailureTestExecutionListener@5926e4c, org.springframework.boot.test.autoconfigure.web.servlet.WebDriverTestExecutionListener@51397d6a, org.springframework.boot.test.autoconfigure.webservices.client.MockWebServiceServerTestExecutionListener@1b6775db, org.springframework.boot.test.mock.mockito.ResetMocksTestExecutionListener@145a09ae]

  .   ____          _            __ _ _
 /\\ / ___'_ __ _ _(_)_ __  __ _ \ \ \ \
( ( )\___ | '_ | '_| | '_ \/ _` | \ \ \ \
 \\/  ___)| |_)| | | | | || (_| |  ) ) ) )
  '  |____| .__|_| |_|_| |_\__, | / / / /
 =========|_|==============|___/=/_/_/_/
 :: Spring Boot ::                (v2.5.3)

2021-08-21 21:39:13.417  INFO 15320 --- [    Test worker] c.e.s.web.IndexControllerTest            : Starting IndexControllerTest using Java 11.0.11 on DESKTOP-PAEG6P6 with PID 15320 (started by Yoon in C:\Users\Yoon\Desktop\Spring\spring-boot-webservice)
2021-08-21 21:39:13.418  INFO 15320 --- [    Test worker] c.e.s.web.IndexControllerTest            : No active profile set, falling back to default profiles: default
2021-08-21 21:39:13.544  INFO 15320 --- [    Test worker] .s.d.r.c.RepositoryConfigurationDelegate : Bootstrapping Spring Data JPA repositories in DEFAULT mode.
2021-08-21 21:39:13.560  INFO 15320 --- [    Test worker] .s.d.r.c.RepositoryConfigurationDelegate : Finished Spring Data repository scanning in 15 ms. Found 2 JPA repository interfaces.
2021-08-21 21:39:13.751  INFO 15320 --- [    Test worker] o.s.b.w.embedded.tomcat.TomcatWebServer  : Tomcat initialized with port(s): 0 (http)
2021-08-21 21:39:13.760  INFO 15320 --- [    Test worker] o.apache.catalina.core.StandardService   : Starting service [Tomcat]
2021-08-21 21:39:13.761  INFO 15320 --- [    Test worker] org.apache.catalina.core.StandardEngine  : Starting Servlet engine: [Apache Tomcat/9.0.50]
2021-08-21 21:39:13.861  INFO 15320 --- [    Test worker] o.a.c.c.C.[Tomcat].[localhost].[/]       : Initializing Spring embedded WebApplicationContext
2021-08-21 21:39:13.861  INFO 15320 --- [    Test worker] w.s.c.ServletWebServerApplicationContext : Root WebApplicationContext: initialization completed in 441 ms
2021-08-21 21:39:13.876  INFO 15320 --- [    Test worker] com.zaxxer.hikari.HikariDataSource       : HikariPool-2 - Starting...
2021-08-21 21:39:13.878  INFO 15320 --- [    Test worker] com.zaxxer.hikari.HikariDataSource       : HikariPool-2 - Start completed.
2021-08-21 21:39:13.878  INFO 15320 --- [    Test worker] o.s.b.a.h2.H2ConsoleAutoConfiguration    : H2 console available at '/h2-console'. Database available at 'jdbc:h2:mem:44f4cc9b-cab1-49c9-9fb6-9f4bc5801817'
2021-08-21 21:39:13.961  INFO 15320 --- [    Test worker] o.hibernate.jpa.internal.util.LogHelper  : HHH000204: Processing PersistenceUnitInfo [name: default]
2021-08-21 21:39:13.968  INFO 15320 --- [    Test worker] org.hibernate.dialect.Dialect            : HHH000400: Using dialect: org.hibernate.dialect.H2Dialect
Hibernate: drop table if exists posts CASCADE 
Hibernate: drop table if exists user CASCADE 
Hibernate: create table posts (id bigint generated by default as identity, created_date timestamp, modified_date timestamp, author varchar(255), content TEXT not null, title varchar(500) not null, primary key (id))
Hibernate: create table user (id bigint generated by default as identity, email varchar(255) not null, name varchar(255) not null, picture varchar(255), role varchar(255) not null, primary key (id))
2021-08-21 21:39:14.001  INFO 15320 --- [    Test worker] o.h.e.t.j.p.i.JtaPlatformInitiator       : HHH000490: Using JtaPlatform implementation: [org.hibernate.engine.transaction.jta.platform.internal.NoJtaPlatform]
2021-08-21 21:39:14.002  INFO 15320 --- [    Test worker] j.LocalContainerEntityManagerFactoryBean : Initialized JPA EntityManagerFactory for persistence unit 'default'
2021-08-21 21:39:14.135  WARN 15320 --- [    Test worker] JpaBaseConfiguration$JpaWebConfiguration : spring.jpa.open-in-view is enabled by default. Therefore, database queries may be performed during view rendering. Explicitly configure spring.jpa.open-in-view to disable this warning
2021-08-21 21:39:14.244  INFO 15320 --- [    Test worker] o.s.s.web.DefaultSecurityFilterChain     : Will secure any request with [org.springframework.security.web.context.request.async.WebAsyncManagerIntegrationFilter@3328dfa1, org.springframework.security.web.context.SecurityContextPersistenceFilter@f52596f, org.springframework.security.web.header.HeaderWriterFilter@786259d2, org.springframework.security.web.authentication.logout.LogoutFilter@74c7a8c, org.springframework.security.oauth2.client.web.OAuth2AuthorizationRequestRedirectFilter@3ea87c1f, org.springframework.security.oauth2.client.web.OAuth2LoginAuthenticationFilter@66c8ae12, org.springframework.security.web.authentication.ui.DefaultLoginPageGeneratingFilter@664bbecd, org.springframework.security.web.authentication.ui.DefaultLogoutPageGeneratingFilter@50f783c9, org.springframework.security.web.savedrequest.RequestCacheAwareFilter@f3e783f, org.springframework.security.web.servletapi.SecurityContextHolderAwareRequestFilter@65780cc3, org.springframework.security.web.authentication.AnonymousAuthenticationFilter@2dc2454c, org.springframework.security.web.session.SessionManagementFilter@280576af, org.springframework.security.web.access.ExceptionTranslationFilter@5b0b6ce6, org.springframework.security.web.access.intercept.FilterSecurityInterceptor@1e4fae7b]
2021-08-21 21:39:14.324  INFO 15320 --- [    Test worker] o.s.b.a.w.s.WelcomePageHandlerMapping    : Adding welcome page template: index
2021-08-21 21:39:14.440  INFO 15320 --- [    Test worker] o.s.b.w.embedded.tomcat.TomcatWebServer  : Tomcat started on port(s): 60966 (http) with context path ''
2021-08-21 21:39:14.442  INFO 15320 --- [    Test worker] s.a.ScheduledAnnotationBeanPostProcessor : No TaskScheduler/ScheduledExecutorService bean found for scheduled processing
2021-08-21 21:39:14.443  INFO 15320 --- [    Test worker] c.e.s.web.IndexControllerTest            : Started IndexControllerTest in 1.043 seconds (JVM running for 6.064)
2021-08-21 21:39:14.509  INFO 15320 --- [o-auto-1-exec-1] o.a.c.c.C.[Tomcat].[localhost].[/]       : Initializing Spring DispatcherServlet 'dispatcherServlet'
2021-08-21 21:39:14.509  INFO 15320 --- [o-auto-1-exec-1] o.s.web.servlet.DispatcherServlet        : Initializing Servlet 'dispatcherServlet'
2021-08-21 21:39:14.510  INFO 15320 --- [o-auto-1-exec-1] o.s.web.servlet.DispatcherServlet        : Completed initialization in 1 ms
Hibernate: select posts0_.id as id1_0_, posts0_.created_date as created_2_0_, posts0_.modified_date as modified3_0_, posts0_.author as author4_0_, posts0_.content as content5_0_, posts0_.title as title6_0_ from posts posts0_ order by posts0_.id DESC
]]></system-out>
  <system-err><![CDATA[]]></system-err>
</testsuite>
