<?xml version="1.0" encoding="UTF-8"?>
<testsuite name="com.example.springbootwebservice.web.IndexControllerTest" tests="1" skipped="0" failures="0" errors="0" timestamp="2021-08-22T18:32:10" hostname="DESKTOP-PAEG6P6" time="0.121">
  <properties/>
  <testcase name="mainPageTest()" classname="com.example.springbootwebservice.web.IndexControllerTest" time="0.121"/>
  <system-out><![CDATA[2021-08-23 03:32:09.106  INFO 17524 --- [    Test worker] .b.t.c.SpringBootTestContextBootstrapper : Neither @ContextConfiguration nor @ContextHierarchy found for test class [com.example.springbootwebservice.web.IndexControllerTest], using SpringBootContextLoader
2021-08-23 03:32:09.107  INFO 17524 --- [    Test worker] o.s.t.c.support.AbstractContextLoader    : Could not detect default resource locations for test class [com.example.springbootwebservice.web.IndexControllerTest]: no resource found for suffixes {-context.xml, Context.groovy}.
2021-08-23 03:32:09.107  INFO 17524 --- [    Test worker] t.c.s.AnnotationConfigContextLoaderUtils : Could not detect default configuration classes for test class [com.example.springbootwebservice.web.IndexControllerTest]: IndexControllerTest does not declare any static, non-private, non-final, nested classes annotated with @Configuration.
2021-08-23 03:32:09.108  INFO 17524 --- [    Test worker] .b.t.c.SpringBootTestContextBootstrapper : Found @SpringBootConfiguration com.example.springbootwebservice.SpringBootWebserviceApplication for test class com.example.springbootwebservice.web.IndexControllerTest
2021-08-23 03:32:09.109  INFO 17524 --- [    Test worker] .b.t.c.SpringBootTestContextBootstrapper : Loaded default TestExecutionListener class names from location [META-INF/spring.factories]: [org.springframework.security.test.context.support.WithSecurityContextTestExecutionListener, org.springframework.security.test.context.support.ReactorContextTestExecutionListener, org.springframework.boot.test.autoconfigure.restdocs.RestDocsTestExecutionListener, org.springframework.boot.test.autoconfigure.web.client.MockRestServiceServerResetTestExecutionListener, org.springframework.boot.test.autoconfigure.web.servlet.MockMvcPrintOnlyOnFailureTestExecutionListener, org.springframework.boot.test.autoconfigure.web.servlet.WebDriverTestExecutionListener, org.springframework.boot.test.autoconfigure.webservices.client.MockWebServiceServerTestExecutionListener, org.springframework.boot.test.mock.mockito.MockitoTestExecutionListener, org.springframework.boot.test.mock.mockito.ResetMocksTestExecutionListener, org.springframework.test.context.web.ServletTestExecutionListener, org.springframework.test.context.support.DirtiesContextBeforeModesTestExecutionListener, org.springframework.test.context.event.ApplicationEventsTestExecutionListener, org.springframework.test.context.support.DependencyInjectionTestExecutionListener, org.springframework.test.context.support.DirtiesContextTestExecutionListener, org.springframework.test.context.transaction.TransactionalTestExecutionListener, org.springframework.test.context.jdbc.SqlScriptsTestExecutionListener, org.springframework.test.context.event.EventPublishingTestExecutionListener]
2021-08-23 03:32:09.110  INFO 17524 --- [    Test worker] .b.t.c.SpringBootTestContextBootstrapper : Using TestExecutionListeners: [org.springframework.test.context.web.ServletTestExecutionListener@130683c1, org.springframework.test.context.support.DirtiesContextBeforeModesTestExecutionListener@7bf50ee3, org.springframework.test.context.event.ApplicationEventsTestExecutionListener@286887ab, org.springframework.boot.test.mock.mockito.MockitoTestExecutionListener@3816985a, org.springframework.boot.test.autoconfigure.SpringBootDependencyInjectionTestExecutionListener@1f290c12, org.springframework.test.context.support.DirtiesContextTestExecutionListener@4cf89b02, org.springframework.test.context.transaction.TransactionalTestExecutionListener@204118e9, org.springframework.test.context.jdbc.SqlScriptsTestExecutionListener@2c1990f3, org.springframework.security.test.context.support.WithSecurityContextTestExecutionListener@7b0740fe, org.springframework.test.context.event.EventPublishingTestExecutionListener@73afe417, org.springframework.security.test.context.support.ReactorContextTestExecutionListener@5b812cdb, org.springframework.boot.test.autoconfigure.restdocs.RestDocsTestExecutionListener@3bffb150, org.springframework.boot.test.autoconfigure.web.client.MockRestServiceServerResetTestExecutionListener@7abe1661, org.springframework.boot.test.autoconfigure.web.servlet.MockMvcPrintOnlyOnFailureTestExecutionListener@76bdda7d, org.springframework.boot.test.autoconfigure.web.servlet.WebDriverTestExecutionListener@2408c785, org.springframework.boot.test.autoconfigure.webservices.client.MockWebServiceServerTestExecutionListener@623b8765, org.springframework.boot.test.mock.mockito.ResetMocksTestExecutionListener@683c985d]

  .   ____          _            __ _ _
 /\\ / ___'_ __ _ _(_)_ __  __ _ \ \ \ \
( ( )\___ | '_ | '_| | '_ \/ _` | \ \ \ \
 \\/  ___)| |_)| | | | | || (_| |  ) ) ) )
  '  |____| .__|_| |_|_| |_\__, | / / / /
 =========|_|==============|___/=/_/_/_/
 :: Spring Boot ::                (v2.5.3)

2021-08-23 03:32:09.132  INFO 17524 --- [    Test worker] c.e.s.web.IndexControllerTest            : Starting IndexControllerTest using Java 11.0.11 on DESKTOP-PAEG6P6 with PID 17524 (started by Yoon in C:\Users\Yoon\Desktop\Spring\yoon-springboot2-webservice)
2021-08-23 03:32:09.132  INFO 17524 --- [    Test worker] c.e.s.web.IndexControllerTest            : No active profile set, falling back to default profiles: default
2021-08-23 03:32:09.258  INFO 17524 --- [    Test worker] .s.d.r.c.RepositoryConfigurationDelegate : Bootstrapping Spring Data JPA repositories in DEFAULT mode.
2021-08-23 03:32:09.282  INFO 17524 --- [    Test worker] .s.d.r.c.RepositoryConfigurationDelegate : Finished Spring Data repository scanning in 23 ms. Found 2 JPA repository interfaces.
2021-08-23 03:32:09.470  INFO 17524 --- [    Test worker] o.s.b.w.embedded.tomcat.TomcatWebServer  : Tomcat initialized with port(s): 0 (http)
2021-08-23 03:32:09.480  INFO 17524 --- [    Test worker] o.apache.catalina.core.StandardService   : Starting service [Tomcat]
2021-08-23 03:32:09.481  INFO 17524 --- [    Test worker] org.apache.catalina.core.StandardEngine  : Starting Servlet engine: [Apache Tomcat/9.0.50]
2021-08-23 03:32:09.584  INFO 17524 --- [    Test worker] o.a.c.c.C.[Tomcat].[localhost].[/]       : Initializing Spring embedded WebApplicationContext
2021-08-23 03:32:09.585  INFO 17524 --- [    Test worker] w.s.c.ServletWebServerApplicationContext : Root WebApplicationContext: initialization completed in 451 ms
2021-08-23 03:32:09.601  INFO 17524 --- [    Test worker] com.zaxxer.hikari.HikariDataSource       : HikariPool-2 - Starting...
2021-08-23 03:32:09.603  INFO 17524 --- [    Test worker] com.zaxxer.hikari.HikariDataSource       : HikariPool-2 - Start completed.
2021-08-23 03:32:09.603  INFO 17524 --- [    Test worker] o.s.b.a.h2.H2ConsoleAutoConfiguration    : H2 console available at '/h2-console'. Database available at 'jdbc:h2:mem:45ed62a6-583e-4fcb-8198-c609f9a77bae'
2021-08-23 03:32:09.681  INFO 17524 --- [    Test worker] o.hibernate.jpa.internal.util.LogHelper  : HHH000204: Processing PersistenceUnitInfo [name: default]
2021-08-23 03:32:09.689  INFO 17524 --- [    Test worker] org.hibernate.dialect.Dialect            : HHH000400: Using dialect: org.hibernate.dialect.H2Dialect
Hibernate: drop table if exists posts CASCADE 
Hibernate: drop table if exists user CASCADE 
Hibernate: create table posts (id bigint generated by default as identity, created_date timestamp, modified_date timestamp, author varchar(255), content TEXT not null, title varchar(500) not null, primary key (id))
Hibernate: create table user (id bigint generated by default as identity, email varchar(255) not null, name varchar(255) not null, picture varchar(255), role varchar(255) not null, primary key (id))
2021-08-23 03:32:09.724  INFO 17524 --- [    Test worker] o.h.e.t.j.p.i.JtaPlatformInitiator       : HHH000490: Using JtaPlatform implementation: [org.hibernate.engine.transaction.jta.platform.internal.NoJtaPlatform]
2021-08-23 03:32:09.724  INFO 17524 --- [    Test worker] j.LocalContainerEntityManagerFactoryBean : Initialized JPA EntityManagerFactory for persistence unit 'default'
2021-08-23 03:32:09.862  WARN 17524 --- [    Test worker] JpaBaseConfiguration$JpaWebConfiguration : spring.jpa.open-in-view is enabled by default. Therefore, database queries may be performed during view rendering. Explicitly configure spring.jpa.open-in-view to disable this warning
2021-08-23 03:32:09.994  INFO 17524 --- [    Test worker] o.s.s.web.DefaultSecurityFilterChain     : Will secure any request with [org.springframework.security.web.context.request.async.WebAsyncManagerIntegrationFilter@351d1dbb, org.springframework.security.web.context.SecurityContextPersistenceFilter@3328dfa1, org.springframework.security.web.header.HeaderWriterFilter@3ea87c1f, org.springframework.security.web.authentication.logout.LogoutFilter@17fcf808, org.springframework.security.oauth2.client.web.OAuth2AuthorizationRequestRedirectFilter@c1cebd5, org.springframework.security.oauth2.client.web.OAuth2LoginAuthenticationFilter@409c104c, org.springframework.security.web.authentication.ui.DefaultLoginPageGeneratingFilter@ed9c6d8, org.springframework.security.web.authentication.ui.DefaultLogoutPageGeneratingFilter@6505c07e, org.springframework.security.web.savedrequest.RequestCacheAwareFilter@50f783c9, org.springframework.security.web.servletapi.SecurityContextHolderAwareRequestFilter@2dc2454c, org.springframework.security.web.authentication.AnonymousAuthenticationFilter@e2cdd48, org.springframework.security.web.session.SessionManagementFilter@66c8ae12, org.springframework.security.web.access.ExceptionTranslationFilter@1e4fae7b, org.springframework.security.web.access.intercept.FilterSecurityInterceptor@4d13bb75]
2021-08-23 03:32:10.089  INFO 17524 --- [    Test worker] o.s.b.a.w.s.WelcomePageHandlerMapping    : Adding welcome page template: index
2021-08-23 03:32:10.220  INFO 17524 --- [    Test worker] o.s.b.w.embedded.tomcat.TomcatWebServer  : Tomcat started on port(s): 51558 (http) with context path ''
2021-08-23 03:32:10.222  INFO 17524 --- [    Test worker] s.a.ScheduledAnnotationBeanPostProcessor : No TaskScheduler/ScheduledExecutorService bean found for scheduled processing
2021-08-23 03:32:10.223  INFO 17524 --- [    Test worker] c.e.s.web.IndexControllerTest            : Started IndexControllerTest in 1.11 seconds (JVM running for 6.499)
2021-08-23 03:32:10.284  INFO 17524 --- [o-auto-1-exec-1] o.a.c.c.C.[Tomcat].[localhost].[/]       : Initializing Spring DispatcherServlet 'dispatcherServlet'
2021-08-23 03:32:10.284  INFO 17524 --- [o-auto-1-exec-1] o.s.web.servlet.DispatcherServlet        : Initializing Servlet 'dispatcherServlet'
2021-08-23 03:32:10.285  INFO 17524 --- [o-auto-1-exec-1] o.s.web.servlet.DispatcherServlet        : Completed initialization in 1 ms
Hibernate: select posts0_.id as id1_0_, posts0_.created_date as created_2_0_, posts0_.modified_date as modified3_0_, posts0_.author as author4_0_, posts0_.content as content5_0_, posts0_.title as title6_0_ from posts posts0_ order by posts0_.id DESC
]]></system-out>
  <system-err><![CDATA[]]></system-err>
</testsuite>
