<?xml version="1.0" encoding="UTF-8"?>
<testsuite name="com.example.springbootwebservice.web.HelloControllerTest" tests="2" skipped="0" failures="0" errors="0" timestamp="2021-08-22T14:14:07" hostname="DESKTOP-PAEG6P6" time="0.126">
  <properties/>
  <testcase name="returnHelloDto()" classname="com.example.springbootwebservice.web.HelloControllerTest" time="0.119"/>
  <testcase name="returnHello()" classname="com.example.springbootwebservice.web.HelloControllerTest" time="0.006"/>
  <system-out><![CDATA[2021-08-22 23:14:06.625  INFO 9712 --- [    Test worker] .b.t.a.w.s.WebMvcTestContextBootstrapper : Neither @ContextConfiguration nor @ContextHierarchy found for test class [com.example.springbootwebservice.web.HelloControllerTest], using SpringBootContextLoader
2021-08-22 23:14:06.626  INFO 9712 --- [    Test worker] o.s.t.c.support.AbstractContextLoader    : Could not detect default resource locations for test class [com.example.springbootwebservice.web.HelloControllerTest]: no resource found for suffixes {-context.xml, Context.groovy}.
2021-08-22 23:14:06.626  INFO 9712 --- [    Test worker] t.c.s.AnnotationConfigContextLoaderUtils : Could not detect default configuration classes for test class [com.example.springbootwebservice.web.HelloControllerTest]: HelloControllerTest does not declare any static, non-private, non-final, nested classes annotated with @Configuration.
2021-08-22 23:14:06.638  INFO 9712 --- [    Test worker] .b.t.c.SpringBootTestContextBootstrapper : Found @SpringBootConfiguration com.example.springbootwebservice.SpringBootWebserviceApplication for test class com.example.springbootwebservice.web.HelloControllerTest
2021-08-22 23:14:06.638  INFO 9712 --- [    Test worker] .b.t.a.w.s.WebMvcTestContextBootstrapper : Loaded default TestExecutionListener class names from location [META-INF/spring.factories]: [org.springframework.security.test.context.support.WithSecurityContextTestExecutionListener, org.springframework.security.test.context.support.ReactorContextTestExecutionListener, org.springframework.boot.test.autoconfigure.restdocs.RestDocsTestExecutionListener, org.springframework.boot.test.autoconfigure.web.client.MockRestServiceServerResetTestExecutionListener, org.springframework.boot.test.autoconfigure.web.servlet.MockMvcPrintOnlyOnFailureTestExecutionListener, org.springframework.boot.test.autoconfigure.web.servlet.WebDriverTestExecutionListener, org.springframework.boot.test.autoconfigure.webservices.client.MockWebServiceServerTestExecutionListener, org.springframework.boot.test.mock.mockito.MockitoTestExecutionListener, org.springframework.boot.test.mock.mockito.ResetMocksTestExecutionListener, org.springframework.test.context.web.ServletTestExecutionListener, org.springframework.test.context.support.DirtiesContextBeforeModesTestExecutionListener, org.springframework.test.context.event.ApplicationEventsTestExecutionListener, org.springframework.test.context.support.DependencyInjectionTestExecutionListener, org.springframework.test.context.support.DirtiesContextTestExecutionListener, org.springframework.test.context.transaction.TransactionalTestExecutionListener, org.springframework.test.context.jdbc.SqlScriptsTestExecutionListener, org.springframework.test.context.event.EventPublishingTestExecutionListener]
2021-08-22 23:14:06.639  INFO 9712 --- [    Test worker] .b.t.a.w.s.WebMvcTestContextBootstrapper : Using TestExecutionListeners: [org.springframework.test.context.web.ServletTestExecutionListener@70589635, org.springframework.test.context.support.DirtiesContextBeforeModesTestExecutionListener@71460ebd, org.springframework.test.context.event.ApplicationEventsTestExecutionListener@1bbb5748, org.springframework.boot.test.mock.mockito.MockitoTestExecutionListener@776a069b, org.springframework.boot.test.autoconfigure.SpringBootDependencyInjectionTestExecutionListener@4337cf7d, org.springframework.test.context.support.DirtiesContextTestExecutionListener@2c51240, org.springframework.test.context.transaction.TransactionalTestExecutionListener@43851447, org.springframework.test.context.jdbc.SqlScriptsTestExecutionListener@647c8c72, org.springframework.security.test.context.support.WithSecurityContextTestExecutionListener@19cdeba7, org.springframework.test.context.event.EventPublishingTestExecutionListener@3330bdcc, org.springframework.security.test.context.support.ReactorContextTestExecutionListener@58fcb0c1, org.springframework.boot.test.autoconfigure.restdocs.RestDocsTestExecutionListener@5863a8b0, org.springframework.boot.test.autoconfigure.web.client.MockRestServiceServerResetTestExecutionListener@2e05e0c8, org.springframework.boot.test.autoconfigure.web.servlet.MockMvcPrintOnlyOnFailureTestExecutionListener@186df619, org.springframework.boot.test.autoconfigure.web.servlet.WebDriverTestExecutionListener@252a376d, org.springframework.boot.test.autoconfigure.webservices.client.MockWebServiceServerTestExecutionListener@60493d50, org.springframework.boot.test.mock.mockito.ResetMocksTestExecutionListener@61cb9231]

  .   ____          _            __ _ _
 /\\ / ___'_ __ _ _(_)_ __  __ _ \ \ \ \
( ( )\___ | '_ | '_| | '_ \/ _` | \ \ \ \
 \\/  ___)| |_)| | | | | || (_| |  ) ) ) )
  '  |____| .__|_| |_|_| |_\__, | / / / /
 =========|_|==============|___/=/_/_/_/
 :: Spring Boot ::                (v2.5.3)

2021-08-22 23:14:06.657  INFO 9712 --- [    Test worker] c.e.s.web.HelloControllerTest            : Starting HelloControllerTest using Java 11.0.11 on DESKTOP-PAEG6P6 with PID 9712 (started by Yoon in C:\Users\Yoon\Desktop\Spring\spring-boot-webservice)
2021-08-22 23:14:06.658  INFO 9712 --- [    Test worker] c.e.s.web.HelloControllerTest            : No active profile set, falling back to default profiles: default
2021-08-22 23:14:06.870  INFO 9712 --- [    Test worker] o.s.b.a.w.s.WelcomePageHandlerMapping    : Adding welcome page template: index
2021-08-22 23:14:07.037  INFO 9712 --- [    Test worker] o.s.s.web.DefaultSecurityFilterChain     : Will secure any request with [org.springframework.security.web.context.request.async.WebAsyncManagerIntegrationFilter@7dd212e4, org.springframework.security.web.context.SecurityContextPersistenceFilter@5aa9ceda, org.springframework.security.web.header.HeaderWriterFilter@63017563, org.springframework.security.web.csrf.CsrfFilter@462b8547, org.springframework.security.web.authentication.logout.LogoutFilter@1eb2deb1, org.springframework.security.oauth2.client.web.OAuth2AuthorizationRequestRedirectFilter@538fb68d, org.springframework.security.oauth2.client.web.OAuth2AuthorizationRequestRedirectFilter@231d7cdf, org.springframework.security.oauth2.client.web.OAuth2LoginAuthenticationFilter@3d059d80, org.springframework.security.web.authentication.ui.DefaultLoginPageGeneratingFilter@20c471a0, org.springframework.security.web.authentication.ui.DefaultLogoutPageGeneratingFilter@197ef069, org.springframework.security.web.savedrequest.RequestCacheAwareFilter@75296c33, org.springframework.security.web.servletapi.SecurityContextHolderAwareRequestFilter@1d6ba598, org.springframework.security.web.authentication.AnonymousAuthenticationFilter@2f99f3a4, org.springframework.security.oauth2.client.web.OAuth2AuthorizationCodeGrantFilter@18afbceb, org.springframework.security.web.session.SessionManagementFilter@56682db2, org.springframework.security.web.access.ExceptionTranslationFilter@791ad6ba, org.springframework.security.web.access.intercept.FilterSecurityInterceptor@298cb596]
2021-08-22 23:14:07.095  INFO 9712 --- [    Test worker] o.s.b.t.m.w.SpringBootMockServletContext : Initializing Spring TestDispatcherServlet ''
2021-08-22 23:14:07.095  INFO 9712 --- [    Test worker] o.s.t.web.servlet.TestDispatcherServlet  : Initializing Servlet ''
2021-08-22 23:14:07.096  INFO 9712 --- [    Test worker] o.s.t.web.servlet.TestDispatcherServlet  : Completed initialization in 1 ms
2021-08-22 23:14:07.104  INFO 9712 --- [    Test worker] c.e.s.web.HelloControllerTest            : Started HelloControllerTest in 0.462 seconds (JVM running for 5.063)
]]></system-out>
  <system-err><![CDATA[]]></system-err>
</testsuite>
