<?xml version="1.0" encoding="UTF-8"?>
<testsuite name="com.example.springbootwebservice.web.HelloControllerTest" tests="2" skipped="0" failures="0" errors="0" timestamp="2021-08-22T11:22:46" hostname="DESKTOP-PAEG6P6" time="0.118">
  <properties/>
  <testcase name="returnHelloDto()" classname="com.example.springbootwebservice.web.HelloControllerTest" time="0.112"/>
  <testcase name="returnHello()" classname="com.example.springbootwebservice.web.HelloControllerTest" time="0.005"/>
  <system-out><![CDATA[2021-08-22 20:22:46.138  INFO 5752 --- [    Test worker] .b.t.a.w.s.WebMvcTestContextBootstrapper : Neither @ContextConfiguration nor @ContextHierarchy found for test class [com.example.springbootwebservice.web.HelloControllerTest], using SpringBootContextLoader
2021-08-22 20:22:46.139  INFO 5752 --- [    Test worker] o.s.t.c.support.AbstractContextLoader    : Could not detect default resource locations for test class [com.example.springbootwebservice.web.HelloControllerTest]: no resource found for suffixes {-context.xml, Context.groovy}.
2021-08-22 20:22:46.139  INFO 5752 --- [    Test worker] t.c.s.AnnotationConfigContextLoaderUtils : Could not detect default configuration classes for test class [com.example.springbootwebservice.web.HelloControllerTest]: HelloControllerTest does not declare any static, non-private, non-final, nested classes annotated with @Configuration.
2021-08-22 20:22:46.152  INFO 5752 --- [    Test worker] .b.t.c.SpringBootTestContextBootstrapper : Found @SpringBootConfiguration com.example.springbootwebservice.SpringBootWebserviceApplication for test class com.example.springbootwebservice.web.HelloControllerTest
2021-08-22 20:22:46.152  INFO 5752 --- [    Test worker] .b.t.a.w.s.WebMvcTestContextBootstrapper : Loaded default TestExecutionListener class names from location [META-INF/spring.factories]: [org.springframework.security.test.context.support.WithSecurityContextTestExecutionListener, org.springframework.security.test.context.support.ReactorContextTestExecutionListener, org.springframework.boot.test.autoconfigure.restdocs.RestDocsTestExecutionListener, org.springframework.boot.test.autoconfigure.web.client.MockRestServiceServerResetTestExecutionListener, org.springframework.boot.test.autoconfigure.web.servlet.MockMvcPrintOnlyOnFailureTestExecutionListener, org.springframework.boot.test.autoconfigure.web.servlet.WebDriverTestExecutionListener, org.springframework.boot.test.autoconfigure.webservices.client.MockWebServiceServerTestExecutionListener, org.springframework.boot.test.mock.mockito.MockitoTestExecutionListener, org.springframework.boot.test.mock.mockito.ResetMocksTestExecutionListener, org.springframework.test.context.web.ServletTestExecutionListener, org.springframework.test.context.support.DirtiesContextBeforeModesTestExecutionListener, org.springframework.test.context.event.ApplicationEventsTestExecutionListener, org.springframework.test.context.support.DependencyInjectionTestExecutionListener, org.springframework.test.context.support.DirtiesContextTestExecutionListener, org.springframework.test.context.transaction.TransactionalTestExecutionListener, org.springframework.test.context.jdbc.SqlScriptsTestExecutionListener, org.springframework.test.context.event.EventPublishingTestExecutionListener]
2021-08-22 20:22:46.153  INFO 5752 --- [    Test worker] .b.t.a.w.s.WebMvcTestContextBootstrapper : Using TestExecutionListeners: [org.springframework.test.context.web.ServletTestExecutionListener@47cf0f58, org.springframework.test.context.support.DirtiesContextBeforeModesTestExecutionListener@16bb6df6, org.springframework.test.context.event.ApplicationEventsTestExecutionListener@e0d8fe, org.springframework.boot.test.mock.mockito.MockitoTestExecutionListener@22b7fef5, org.springframework.boot.test.autoconfigure.SpringBootDependencyInjectionTestExecutionListener@1d3d8034, org.springframework.test.context.support.DirtiesContextTestExecutionListener@50248ab8, org.springframework.test.context.transaction.TransactionalTestExecutionListener@56859f6a, org.springframework.test.context.jdbc.SqlScriptsTestExecutionListener@4b588319, org.springframework.security.test.context.support.WithSecurityContextTestExecutionListener@3a958666, org.springframework.test.context.event.EventPublishingTestExecutionListener@4e10bac6, org.springframework.security.test.context.support.ReactorContextTestExecutionListener@341412a1, org.springframework.boot.test.autoconfigure.restdocs.RestDocsTestExecutionListener@3b5b0f71, org.springframework.boot.test.autoconfigure.web.client.MockRestServiceServerResetTestExecutionListener@2d6b08ca, org.springframework.boot.test.autoconfigure.web.servlet.MockMvcPrintOnlyOnFailureTestExecutionListener@66e6412b, org.springframework.boot.test.autoconfigure.web.servlet.WebDriverTestExecutionListener@7273d64c, org.springframework.boot.test.autoconfigure.webservices.client.MockWebServiceServerTestExecutionListener@11307ff4, org.springframework.boot.test.mock.mockito.ResetMocksTestExecutionListener@64680840]

  .   ____          _            __ _ _
 /\\ / ___'_ __ _ _(_)_ __  __ _ \ \ \ \
( ( )\___ | '_ | '_| | '_ \/ _` | \ \ \ \
 \\/  ___)| |_)| | | | | || (_| |  ) ) ) )
  '  |____| .__|_| |_|_| |_\__, | / / / /
 =========|_|==============|___/=/_/_/_/
 :: Spring Boot ::                (v2.5.3)

2021-08-22 20:22:46.170  INFO 5752 --- [    Test worker] c.e.s.web.HelloControllerTest            : Starting HelloControllerTest using Java 11.0.11 on DESKTOP-PAEG6P6 with PID 5752 (started by Yoon in C:\Users\Yoon\Desktop\Spring\spring-boot-webservice)
2021-08-22 20:22:46.170  INFO 5752 --- [    Test worker] c.e.s.web.HelloControllerTest            : No active profile set, falling back to default profiles: default
2021-08-22 20:22:46.380  INFO 5752 --- [    Test worker] o.s.b.a.w.s.WelcomePageHandlerMapping    : Adding welcome page template: index
2021-08-22 20:22:46.545  INFO 5752 --- [    Test worker] o.s.s.web.DefaultSecurityFilterChain     : Will secure any request with [org.springframework.security.web.context.request.async.WebAsyncManagerIntegrationFilter@449ccc9f, org.springframework.security.web.context.SecurityContextPersistenceFilter@8ab5c30, org.springframework.security.web.header.HeaderWriterFilter@40cd831e, org.springframework.security.web.csrf.CsrfFilter@1e5fb21a, org.springframework.security.web.authentication.logout.LogoutFilter@5703e1d, org.springframework.security.oauth2.client.web.OAuth2AuthorizationRequestRedirectFilter@78e61356, org.springframework.security.oauth2.client.web.OAuth2AuthorizationRequestRedirectFilter@5e845a9e, org.springframework.security.oauth2.client.web.OAuth2LoginAuthenticationFilter@16692b45, org.springframework.security.web.authentication.ui.DefaultLoginPageGeneratingFilter@27d00248, org.springframework.security.web.authentication.ui.DefaultLogoutPageGeneratingFilter@18b93216, org.springframework.security.web.savedrequest.RequestCacheAwareFilter@22b00655, org.springframework.security.web.servletapi.SecurityContextHolderAwareRequestFilter@e49b46e, org.springframework.security.web.authentication.AnonymousAuthenticationFilter@7a99b6af, org.springframework.security.oauth2.client.web.OAuth2AuthorizationCodeGrantFilter@7681f69a, org.springframework.security.web.session.SessionManagementFilter@6f86dfd4, org.springframework.security.web.access.ExceptionTranslationFilter@23612a0a, org.springframework.security.web.access.intercept.FilterSecurityInterceptor@5572d818]
2021-08-22 20:22:46.593  INFO 5752 --- [    Test worker] o.s.b.t.m.w.SpringBootMockServletContext : Initializing Spring TestDispatcherServlet ''
2021-08-22 20:22:46.593  INFO 5752 --- [    Test worker] o.s.t.web.servlet.TestDispatcherServlet  : Initializing Servlet ''
2021-08-22 20:22:46.594  INFO 5752 --- [    Test worker] o.s.t.web.servlet.TestDispatcherServlet  : Completed initialization in 1 ms
2021-08-22 20:22:46.602  INFO 5752 --- [    Test worker] c.e.s.web.HelloControllerTest            : Started HelloControllerTest in 0.447 seconds (JVM running for 4.995)
]]></system-out>
  <system-err><![CDATA[]]></system-err>
</testsuite>
